<?xml version="1.0" encoding="UTF-8"?>
<robot generator="Robot 7.4.2 (Python 3.13.12 on darwin)" generated="2026-05-23T11:33:36.013091" rpa="false" schemaversion="5">
<suite id="s1" name="Epc Acceptance V0" source="/Users/jakubkapala/Code/studia/sem6/to-nokia/to-nokia/epc_acceptance_v0.robot">
<test id="s1-t1" name="Attach UE — Sukces i domyślny bearer 9" line="14">
<kw name="Reset Simulator" owner="EpcApiLibrary" type="SETUP">
<status status="PASS" start="2026-05-23T11:33:36.065565" elapsed="0.022525"/>
</kw>
<kw name="When I attach UE with ID 42" source_name="When I attach UE with ID ${ue_id}">
<kw name="Attach Ue" owner="EpcApiLibrary">
<msg time="2026-05-23T11:33:36.098224" level="INFO">${status_code} = 200</msg>
<msg time="2026-05-23T11:33:36.098263" level="INFO">${body} = {'status': 'attached', 'ue_id': 42}</msg>
<var>${status_code}</var>
<var>${body}</var>
<arg>${ue_id}</arg>
<status status="PASS" start="2026-05-23T11:33:36.088440" elapsed="0.009836"/>
</kw>
<kw name="Set Test Variable" owner="BuiltIn">
<msg time="2026-05-23T11:33:36.098517" level="INFO">${status_code} = 200</msg>
<arg>${status_code}</arg>
<doc>Makes a variable available everywhere within the scope of the current test.</doc>
<status status="PASS" start="2026-05-23T11:33:36.098358" elapsed="0.000175"/>
</kw>
<kw name="Set Test Variable" owner="BuiltIn">
<msg time="2026-05-23T11:33:36.098690" level="INFO">${body} = {'status': 'attached', 'ue_id': 42}</msg>
<arg>${body}</arg>
<doc>Makes a variable available everywhere within the scope of the current test.</doc>
<status status="PASS" start="2026-05-23T11:33:36.098593" elapsed="0.000111"/>
</kw>
<status status="PASS" start="2026-05-23T11:33:36.088306" elapsed="0.010422"/>
</kw>
<kw name="Then response status is">
<kw name="Should Be Equal As Integers" owner="BuiltIn">
<msg time="2026-05-23T11:33:36.099022" level="INFO">Argument types are:
&lt;class 'int'&gt;
&lt;class 'str'&gt;</msg>
<arg>${status_code}</arg>
<arg>${expected_status_code}</arg>
<doc>Fails if objects are unequal after converting them to integers.</doc>
<status status="PASS" start="2026-05-23T11:33:36.098935" elapsed="0.000108"/>
</kw>
<arg>200</arg>
<status status="PASS" start="2026-05-23T11:33:36.098833" elapsed="0.000230"/>
</kw>
<kw name="And field has value">
<kw name="Should Be Equal" owner="BuiltIn">
<arg>${body}[${field_name}]</arg>
<arg>${expected_value}</arg>
<doc>Fails if the given objects are unequal.</doc>
<status status="PASS" start="2026-05-23T11:33:36.099226" elapsed="0.000190"/>
</kw>
<arg>status</arg>
<arg>attached</arg>
<status status="PASS" start="2026-05-23T11:33:36.099136" elapsed="0.000318"/>
</kw>
<kw name="When I get UE with ID 42" source_name="When I get UE with ID ${ue_id}">
<kw name="Get Ue" owner="EpcApiLibrary">
<msg time="2026-05-23T11:33:36.102446" level="INFO">${status_code} = 200</msg>
<msg time="2026-05-23T11:33:36.102476" level="INFO">${body} = {'ue_id': 42, 'bearers': {'9': {'bearer_id': 9, 'protocol': None, 'target_bps': None, 'active': False}}, 'stats': {}}</msg>
<var>${status_code}</var>
<var>${body}</var>
<arg>${ue_id}</arg>
<status status="PASS" start="2026-05-23T11:33:36.099717" elapsed="0.002769"/>
</kw>
<kw name="Set Test Variable" owner="BuiltIn">
<msg time="2026-05-23T11:33:36.102688" level="INFO">${status_code} = 200</msg>
<arg>${status_code}</arg>
<doc>Makes a variable available everywhere within the scope of the current test.</doc>
<status status="PASS" start="2026-05-23T11:33:36.102559" elapsed="0.000144"/>
</kw>
<kw name="Set Test Variable" owner="BuiltIn">
<msg time="2026-05-23T11:33:36.102825" level="INFO">${body} = {'ue_id': 42, 'bearers': {'9': {'bearer_id': 9, 'protocol': None, 'target_bps': None, 'active': False}}, 'stats': {}}</msg>
<arg>${body}</arg>
<doc>Makes a variable available everywhere within the scope of the current test.</doc>
<status status="PASS" start="2026-05-23T11:33:36.102744" elapsed="0.000094"/>
</kw>
<status status="PASS" start="2026-05-23T11:33:36.099600" elapsed="0.003257"/>
</kw>
<kw name="Then response status is">
<kw name="Should Be Equal As Integers" owner="BuiltIn">
<msg time="2026-05-23T11:33:36.103131" level="INFO">Argument types are:
&lt;class 'int'&gt;
&lt;class 'str'&gt;</msg>
<arg>${status_code}</arg>
<arg>${expected_status_code}</arg>
<doc>Fails if objects are unequal after converting them to integers.</doc>
<status status="PASS" start="2026-05-23T11:33:36.103046" elapsed="0.000107"/>
</kw>
<arg>200</arg>
<status status="PASS" start="2026-05-23T11:33:36.102950" elapsed="0.000222"/>
</kw>
<kw name="And UE has bearer with ID">
<kw name="Dictionary Should Contain Key" owner="Collections">
<arg>${body}[bearers]</arg>
<arg>${bearer_id}</arg>
<doc>Fails if ``key`` is not found from ``dictionary``.</doc>
<status status="PASS" start="2026-05-23T11:33:36.103325" elapsed="0.000096"/>
</kw>
<arg>9</arg>
<status status="PASS" start="2026-05-23T11:33:36.103240" elapsed="0.000222"/>
</kw>
<doc>1.4 Podłączony do sieci UE automatycznie otrzymuje domyślny bearer o ID 9.</doc>
<tag>attach</tag>
<tag>happy_path</tag>
<status status="PASS" start="2026-05-23T11:33:36.065206" elapsed="0.038321"/>
</test>
<test id="s1-t2" name="Attach UE — Błąd gdy UE ID poza zakresem (0 i 101)" line="24">
<kw name="Reset Simulator" owner="EpcApiLibrary" type="SETUP">
<status status="PASS" start="2026-05-23T11:33:36.103930" elapsed="0.005985"/>
</kw>
<kw name="When I attach UE with ID 0" source_name="When I attach UE with ID ${ue_id}">
<kw name="Attach Ue" owner="EpcApiLibrary">
<msg time="2026-05-23T11:33:36.111972" level="INFO">${status_code} = 422</msg>
<msg time="2026-05-23T11:33:36.111997" level="INFO">${body} = {'detail': [{'type': 'greater_than_equal', 'loc': ['body', 'ue_id'], 'msg': 'Input should be greater than or equal to 1', 'input': 0, 'ctx': {'ge': 1}}]}</msg>
<var>${status_code}</var>
<var>${body}</var>
<arg>${ue_id}</arg>
<status status="PASS" start="2026-05-23T11:33:36.110206" elapsed="0.001801"/>
</kw>
<kw name="Set Test Variable" owner="BuiltIn">
<msg time="2026-05-23T11:33:36.112202" level="INFO">${status_code} = 422</msg>
<arg>${status_code}</arg>
<doc>Makes a variable available everywhere within the scope of the current test.</doc>
<status status="PASS" start="2026-05-23T11:33:36.112064" elapsed="0.000154"/>
</kw>
<kw name="Set Test Variable" owner="BuiltIn">
<msg time="2026-05-23T11:33:36.112341" level="INFO">${body} = {'detail': [{'type': 'greater_than_equal', 'loc': ['body', 'ue_id'], 'msg': 'Input should be greater than or equal to 1', 'input': 0, 'ctx': {'ge': 1}}]}</msg>
<arg>${body}</arg>
<doc>Makes a variable available everywhere within the scope of the current test.</doc>
<status status="PASS" start="2026-05-23T11:33:36.112259" elapsed="0.000096"/>
</kw>
<status status="PASS" start="2026-05-23T11:33:36.110090" elapsed="0.002284"/>
</kw>
<kw name="Then response status is">
<kw name="Should Be Equal As Integers" owner="BuiltIn">
<msg time="2026-05-23T11:33:36.112627" level="INFO">Argument types are:
&lt;class 'int'&gt;
&lt;class 'str'&gt;</msg>
<arg>${status_code}</arg>
<arg>${expected_status_code}</arg>
<doc>Fails if objects are unequal after converting them to integers.</doc>
<status status="PASS" start="2026-05-23T11:33:36.112544" elapsed="0.000104"/>
</kw>
<arg>422</arg>
<status status="PASS" start="2026-05-23T11:33:36.112459" elapsed="0.000207"/>
</kw>
<kw name="When I attach UE with ID 101" source_name="When I attach UE with ID ${ue_id}">
<kw name="Attach Ue" owner="EpcApiLibrary">
<msg time="2026-05-23T11:33:36.114387" level="INFO">${status_code} = 422</msg>
<msg time="2026-05-23T11:33:36.114408" level="INFO">${body} = {'detail': [{'type': 'less_than_equal', 'loc': ['body', 'ue_id'], 'msg': 'Input should be less than or equal to 100', 'input': 101, 'ctx': {'le': 100}}]}</msg>
<var>${status_code}</var>
<var>${body}</var>
<arg>${ue_id}</arg>
<status status="PASS" start="2026-05-23T11:33:36.112827" elapsed="0.001590"/>
</kw>
<kw name="Set Test Variable" owner="BuiltIn">
<msg time="2026-05-23T11:33:36.114559" level="INFO">${status_code} = 422</msg>
<arg>${status_code}</arg>
<doc>Makes a variable available everywhere within the scope of the current test.</doc>
<status status="PASS" start="2026-05-23T11:33:36.114462" elapsed="0.000109"/>
</kw>
<kw name="Set Test Variable" owner="BuiltIn">
<msg time="2026-05-23T11:33:36.114741" level="INFO">${body} = {'detail': [{'type': 'less_than_equal', 'loc': ['body', 'ue_id'], 'msg': 'Input should be less than or equal to 100', 'input': 101, 'ctx': {'le': 100}}]}</msg>
<arg>${body}</arg>
<doc>Makes a variable available everywhere within the scope of the current test.</doc>
<status status="PASS" start="2026-05-23T11:33:36.114658" elapsed="0.000096"/>
</kw>
<status status="PASS" start="2026-05-23T11:33:36.112744" elapsed="0.002027"/>
</kw>
<kw name="Then response status is">
<kw name="Should Be Equal As Integers" owner="BuiltIn">
<msg time="2026-05-23T11:33:36.115101" level="INFO">Argument types are:
&lt;class 'int'&gt;
&lt;class 'str'&gt;</msg>
<arg>${status_code}</arg>
<arg>${expected_status_code}</arg>
<doc>Fails if objects are unequal after converting them to integers.</doc>
<status status="PASS" start="2026-05-23T11:33:36.114991" elapsed="0.000134"/>
</kw>
<arg>422</arg>
<status status="PASS" start="2026-05-23T11:33:36.114849" elapsed="0.000299"/>
</kw>
<doc>1.2 Jeśli UE ID jest spoza zakresu - zostanie wyświetlony błąd.</doc>
<tag>attach</tag>
<tag>validation</tag>
<status status="PASS" start="2026-05-23T11:33:36.103702" elapsed="0.011498"/>
</test>
<test id="s1-t3" name="Detach UE — Sukces" line="32">
<kw name="Reset Simulator" owner="EpcApiLibrary" type="SETUP">
<status status="PASS" start="2026-05-23T11:33:36.115460" elapsed="0.002693"/>
</kw>
<kw name="When I attach UE with ID 15" source_name="When I attach UE with ID ${ue_id}">
<kw name="Attach Ue" owner="EpcApiLibrary">
<msg time="2026-05-23T11:33:36.122431" level="INFO">${status_code} = 200</msg>
<msg time="2026-05-23T11:33:36.122453" level="INFO">${body} = {'status': 'attached', 'ue_id': 15}</msg>
<var>${status_code}</var>
<var>${body}</var>
<arg>${ue_id}</arg>
<status status="PASS" start="2026-05-23T11:33:36.118350" elapsed="0.004111"/>
</kw>
<kw name="Set Test Variable" owner="BuiltIn">
<msg time="2026-05-23T11:33:36.122650" level="INFO">${status_code} = 200</msg>
<arg>${status_code}</arg>
<doc>Makes a variable available everywhere within the scope of the current test.</doc>
<status status="PASS" start="2026-05-23T11:33:36.122526" elapsed="0.000138"/>
</kw>
<kw name="Set Test Variable" owner="BuiltIn">
<msg time="2026-05-23T11:33:36.122776" level="INFO">${body} = {'status': 'attached', 'ue_id': 15}</msg>
<arg>${body}</arg>
<doc>Makes a variable available everywhere within the scope of the current test.</doc>
<status status="PASS" start="2026-05-23T11:33:36.122700" elapsed="0.000088"/>
</kw>
<status status="PASS" start="2026-05-23T11:33:36.118264" elapsed="0.004541"/>
</kw>
<kw name="Then response status is">
<kw name="Should Be Equal As Integers" owner="BuiltIn">
<msg time="2026-05-23T11:33:36.123070" level="INFO">Argument types are:
&lt;class 'int'&gt;
&lt;class 'str'&gt;</msg>
<arg>${status_code}</arg>
<arg>${expected_status_code}</arg>
<doc>Fails if objects are unequal after converting them to integers.</doc>
<status status="PASS" start="2026-05-23T11:33:36.122989" elapsed="0.000099"/>
</kw>
<arg>200</arg>
<status status="PASS" start="2026-05-23T11:33:36.122894" elapsed="0.000212"/>
</kw>
<kw name="When I detach UE with ID 15" source_name="When I detach UE with ID ${ue_id}">
<kw name="Detach Ue" owner="EpcApiLibrary">
<msg time="2026-05-23T11:33:36.126152" level="INFO">${status_code} = 200</msg>
<msg time="2026-05-23T11:33:36.126175" level="INFO">${body} = {'status': 'detached', 'ue_id': 15}</msg>
<var>${status_code}</var>
<var>${body}</var>
<arg>${ue_id}</arg>
<status status="PASS" start="2026-05-23T11:33:36.123261" elapsed="0.002922"/>
</kw>
<kw name="Set Test Variable" owner="BuiltIn">
<msg time="2026-05-23T11:33:36.126357" level="INFO">${status_code} = 200</msg>
<arg>${status_code}</arg>
<doc>Makes a variable available everywhere within the scope of the current test.</doc>
<status status="PASS" start="2026-05-23T11:33:36.126238" elapsed="0.000133"/>
</kw>
<kw name="Set Test Variable" owner="BuiltIn">
<msg time="2026-05-23T11:33:36.126486" level="INFO">${body} = {'status': 'detached', 'ue_id': 15}</msg>
<arg>${body}</arg>
<doc>Makes a variable available everywhere within the scope of the current test.</doc>
<status status="PASS" start="2026-05-23T11:33:36.126408" elapsed="0.000090"/>
</kw>
<status status="PASS" start="2026-05-23T11:33:36.123183" elapsed="0.003333"/>
</kw>
<kw name="Then response status is">
<kw name="Should Be Equal As Integers" owner="BuiltIn">
<msg time="2026-05-23T11:33:36.126753" level="INFO">Argument types are:
&lt;class 'int'&gt;
&lt;class 'str'&gt;</msg>
<arg>${status_code}</arg>
<arg>${expected_status_code}</arg>
<doc>Fails if objects are unequal after converting them to integers.</doc>
<status status="PASS" start="2026-05-23T11:33:36.126677" elapsed="0.000092"/>
</kw>
<arg>200</arg>
<status status="PASS" start="2026-05-23T11:33:36.126590" elapsed="0.000196"/>
</kw>
<kw name="And field has value">
<kw name="Should Be Equal" owner="BuiltIn">
<arg>${body}[${field_name}]</arg>
<arg>${expected_value}</arg>
<doc>Fails if the given objects are unequal.</doc>
<status status="PASS" start="2026-05-23T11:33:36.126931" elapsed="0.000091"/>
</kw>
<arg>status</arg>
<arg>detached</arg>
<status status="PASS" start="2026-05-23T11:33:36.126851" elapsed="0.000187"/>
</kw>
<kw name="When I get UE with ID 15" source_name="When I get UE with ID ${ue_id}">
<kw name="Get Ue" owner="EpcApiLibrary">
<msg time="2026-05-23T11:33:36.128955" level="INFO">${status_code} = 400</msg>
<msg time="2026-05-23T11:33:36.128990" level="INFO">${body} = {'detail': 'UE not found'}</msg>
<var>${status_code}</var>
<var>${body}</var>
<arg>${ue_id}</arg>
<status status="PASS" start="2026-05-23T11:33:36.127184" elapsed="0.001816"/>
</kw>
<kw name="Set Test Variable" owner="BuiltIn">
<msg time="2026-05-23T11:33:36.129176" level="INFO">${status_code} = 400</msg>
<arg>${status_code}</arg>
<doc>Makes a variable available everywhere within the scope of the current test.</doc>
<status status="PASS" start="2026-05-23T11:33:36.129057" elapsed="0.000135"/>
</kw>
<kw name="Set Test Variable" owner="BuiltIn">
<msg time="2026-05-23T11:33:36.129314" level="INFO">${body} = {'detail': 'UE not found'}</msg>
<arg>${body}</arg>
<doc>Makes a variable available everywhere within the scope of the current test.</doc>
<status status="PASS" start="2026-05-23T11:33:36.129233" elapsed="0.000093"/>
</kw>
<status status="PASS" start="2026-05-23T11:33:36.127111" elapsed="0.002233"/>
</kw>
<kw name="Then response status is">
<kw name="Should Be Equal As Integers" owner="BuiltIn">
<msg time="2026-05-23T11:33:36.129844" level="INFO">Argument types are:
&lt;class 'int'&gt;
&lt;class 'str'&gt;</msg>
<arg>${status_code}</arg>
<arg>${expected_status_code}</arg>
<doc>Fails if objects are unequal after converting them to integers.</doc>
<status status="PASS" start="2026-05-23T11:33:36.129506" elapsed="0.000358"/>
</kw>
<arg>400</arg>
<status status="PASS" start="2026-05-23T11:33:36.129421" elapsed="0.000463"/>
</kw>
<kw name="And field has value">
<kw name="Should Be Equal" owner="BuiltIn">
<arg>${body}[${field_name}]</arg>
<arg>${expected_value}</arg>
<doc>Fails if the given objects are unequal.</doc>
<status status="PASS" start="2026-05-23T11:33:36.130039" elapsed="0.000091"/>
</kw>
<arg>detail</arg>
<arg>UE not found</arg>
<status status="PASS" start="2026-05-23T11:33:36.129957" elapsed="0.000193"/>
</kw>
<doc>2.1 UE może zostać odłączony od sieci.</doc>
<tag>detach</tag>
<tag>happy_path</tag>
<status status="PASS" start="2026-05-23T11:33:36.115320" elapsed="0.014881"/>
</test>
<test id="s1-t4" name="Start ruchu DL — Sukces (Mbps)" line="44">
<kw name="Reset Simulator" owner="EpcApiLibrary" type="SETUP">
<status status="PASS" start="2026-05-23T11:33:36.130445" elapsed="0.003751"/>
</kw>
<kw name="When I attach UE with ID 33" source_name="When I attach UE with ID ${ue_id}">
<kw name="Attach Ue" owner="EpcApiLibrary">
<msg time="2026-05-23T11:33:36.137637" level="INFO">${status_code} = 200</msg>
<msg time="2026-05-23T11:33:36.137656" level="INFO">${body} = {'status': 'attached', 'ue_id': 33}</msg>
<var>${status_code}</var>
<var>${body}</var>
<arg>${ue_id}</arg>
<status status="PASS" start="2026-05-23T11:33:36.134454" elapsed="0.003210"/>
</kw>
<kw name="Set Test Variable" owner="BuiltIn">
<msg time="2026-05-23T11:33:36.137879" level="INFO">${status_code} = 200</msg>
<arg>${status_code}</arg>
<doc>Makes a variable available everywhere within the scope of the current test.</doc>
<status status="PASS" start="2026-05-23T11:33:36.137756" elapsed="0.000137"/>
</kw>
<kw name="Set Test Variable" owner="BuiltIn">
<msg time="2026-05-23T11:33:36.138010" level="INFO">${body} = {'status': 'attached', 'ue_id': 33}</msg>
<arg>${body}</arg>
<doc>Makes a variable available everywhere within the scope of the current test.</doc>
<status status="PASS" start="2026-05-23T11:33:36.137930" elapsed="0.000091"/>
</kw>
<status status="PASS" start="2026-05-23T11:33:36.134349" elapsed="0.003689"/>
</kw>
<kw name="When I start traffic for UE 33 on bearer 9 with protocol tcp at 25.5 Mbps" source_name="When I start traffic for UE ${ue_id} on bearer ${bearer_id} with protocol ${protocol} at ${mbps} Mbps">
<kw name="Start Traffic Mbps" owner="EpcApiLibrary">
<msg time="2026-05-23T11:33:36.145090" level="INFO">${status_code} = 200</msg>
<msg time="2026-05-23T11:33:36.145111" level="INFO">${body} = {'status': 'traffic_started', 'ue_id': 33, 'bearer_id': 9, 'target_bps': 25500000}</msg>
<var>${status_code}</var>
<var>${body}</var>
<arg>${ue_id}</arg>
<arg>${bearer_id}</arg>
<arg>${protocol}</arg>
<arg>${mbps}</arg>
<status status="PASS" start="2026-05-23T11:33:36.138231" elapsed="0.006889"/>
</kw>
<kw name="Set Test Variable" owner="BuiltIn">
<msg time="2026-05-23T11:33:36.145284" level="INFO">${status_code} = 200</msg>
<arg>${status_code}</arg>
<doc>Makes a variable available everywhere within the scope of the current test.</doc>
<status status="PASS" start="2026-05-23T11:33:36.145177" elapsed="0.000121"/>
</kw>
<kw name="Set Test Variable" owner="BuiltIn">
<msg time="2026-05-23T11:33:36.145420" level="INFO">${body} = {'status': 'traffic_started', 'ue_id': 33, 'bearer_id': 9, 'target_bps': 25500000}</msg>
<arg>${body}</arg>
<doc>Makes a variable available everywhere within the scope of the current test.</doc>
<status status="PASS" start="2026-05-23T11:33:36.145337" elapsed="0.000095"/>
</kw>
<status status="PASS" start="2026-05-23T11:33:36.138140" elapsed="0.007311"/>
</kw>
<kw name="Then response status is">
<kw name="Should Be Equal As Integers" owner="BuiltIn">
<msg time="2026-05-23T11:33:36.145700" level="INFO">Argument types are:
&lt;class 'int'&gt;
&lt;class 'str'&gt;</msg>
<arg>${status_code}</arg>
<arg>${expected_status_code}</arg>
<doc>Fails if objects are unequal after converting them to integers.</doc>
<status status="PASS" start="2026-05-23T11:33:36.145619" elapsed="0.000101"/>
</kw>
<arg>200</arg>
<status status="PASS" start="2026-05-23T11:33:36.145532" elapsed="0.000206"/>
</kw>
<kw name="And field has value">
<kw name="Should Be Equal" owner="BuiltIn">
<arg>${body}[${field_name}]</arg>
<arg>${expected_value}</arg>
<doc>Fails if the given objects are unequal.</doc>
<status status="PASS" start="2026-05-23T11:33:36.145888" elapsed="0.000096"/>
</kw>
<arg>status</arg>
<arg>traffic_started</arg>
<status status="PASS" start="2026-05-23T11:33:36.145805" elapsed="0.000197"/>
</kw>
<kw name="And field has integer value">
<kw name="Convert To Integer" owner="BuiltIn">
<msg time="2026-05-23T11:33:36.146243" level="INFO">${expected_int} = 25500000</msg>
<var>${expected_int}</var>
<arg>${expected_value}</arg>
<doc>Converts the given item to an integer number.</doc>
<status status="PASS" start="2026-05-23T11:33:36.146154" elapsed="0.000097"/>
</kw>
<kw name="Should Be Equal As Integers" owner="BuiltIn">
<arg>${body}[${field_name}]</arg>
<arg>${expected_int}</arg>
<doc>Fails if objects are unequal after converting them to integers.</doc>
<status status="PASS" start="2026-05-23T11:33:36.146283" elapsed="0.000081"/>
</kw>
<arg>target_bps</arg>
<arg>25500000</arg>
<status status="PASS" start="2026-05-23T11:33:36.146069" elapsed="0.000312"/>
</kw>
<doc>3.1 Transfer danych można rozpocząć tylko w kierunku DL.</doc>
<tag>happy_path</tag>
<tag>traffic</tag>
<status status="PASS" start="2026-05-23T11:33:36.130303" elapsed="0.016116"/>
</test>
<test id="s1-t5" name="Pobierz statystyki bearera" line="53">
<kw name="Reset Simulator" owner="EpcApiLibrary" type="SETUP">
<status status="PASS" start="2026-05-23T11:33:36.146641" elapsed="0.005070"/>
</kw>
<kw name="When I attach UE with ID 77" source_name="When I attach UE with ID ${ue_id}">
<kw name="Attach Ue" owner="EpcApiLibrary">
<msg time="2026-05-23T11:33:36.154960" level="INFO">${status_code} = 200</msg>
<msg time="2026-05-23T11:33:36.154976" level="INFO">${body} = {'status': 'attached', 'ue_id': 77}</msg>
<var>${status_code}</var>
<var>${body}</var>
<arg>${ue_id}</arg>
<status status="PASS" start="2026-05-23T11:33:36.151982" elapsed="0.003001"/>
</kw>
<kw name="Set Test Variable" owner="BuiltIn">
<msg time="2026-05-23T11:33:36.155116" level="INFO">${status_code} = 200</msg>
<arg>${status_code}</arg>
<doc>Makes a variable available everywhere within the scope of the current test.</doc>
<status status="PASS" start="2026-05-23T11:33:36.155028" elapsed="0.000100"/>
</kw>
<kw name="Set Test Variable" owner="BuiltIn">
<msg time="2026-05-23T11:33:36.155249" level="INFO">${body} = {'status': 'attached', 'ue_id': 77}</msg>
<arg>${body}</arg>
<doc>Makes a variable available everywhere within the scope of the current test.</doc>
<status status="PASS" start="2026-05-23T11:33:36.155161" elapsed="0.000099"/>
</kw>
<status status="PASS" start="2026-05-23T11:33:36.151868" elapsed="0.003409"/>
</kw>
<kw name="When I start traffic for UE 77 on bearer 9 with protocol tcp at 5 Mbps" source_name="When I start traffic for UE ${ue_id} on bearer ${bearer_id} with protocol ${protocol} at ${mbps} Mbps">
<kw name="Start Traffic Mbps" owner="EpcApiLibrary">
<msg time="2026-05-23T11:33:36.160529" level="INFO">${status_code} = 200</msg>
<msg time="2026-05-23T11:33:36.160556" level="INFO">${body} = {'status': 'traffic_started', 'ue_id': 77, 'bearer_id': 9, 'target_bps': 5000000}</msg>
<var>${status_code}</var>
<var>${body}</var>
<arg>${ue_id}</arg>
<arg>${bearer_id}</arg>
<arg>${protocol}</arg>
<arg>${mbps}</arg>
<status status="PASS" start="2026-05-23T11:33:36.155457" elapsed="0.005110"/>
</kw>
<kw name="Set Test Variable" owner="BuiltIn">
<msg time="2026-05-23T11:33:36.160776" level="INFO">${status_code} = 200</msg>
<arg>${status_code}</arg>
<doc>Makes a variable available everywhere within the scope of the current test.</doc>
<status status="PASS" start="2026-05-23T11:33:36.160642" elapsed="0.000149"/>
</kw>
<kw name="Set Test Variable" owner="BuiltIn">
<msg time="2026-05-23T11:33:36.160914" level="INFO">${body} = {'status': 'traffic_started', 'ue_id': 77, 'bearer_id': 9, 'target_bps': 5000000}</msg>
<arg>${body}</arg>
<doc>Makes a variable available everywhere within the scope of the current test.</doc>
<status status="PASS" start="2026-05-23T11:33:36.160830" elapsed="0.000097"/>
</kw>
<status status="PASS" start="2026-05-23T11:33:36.155370" elapsed="0.005577"/>
</kw>
<kw name="When I get traffic stats for UE 77 and bearer 9" source_name="When I get traffic stats for UE ${ue_id} and bearer ${bearer_id}">
<kw name="Get Bearer Traffic Stats" owner="EpcApiLibrary">
<msg time="2026-05-23T11:33:36.163256" level="INFO">${status_code} = 200</msg>
<msg time="2026-05-23T11:33:36.163281" level="INFO">${body} = {'ue_id': 77, 'bearer_id': 9, 'protocol': 'tcp', 'target_bps': 5000000, 'tx_bps': 1139818468, 'rx_bps': 1139818468, 'duration': 0.0043866634368896484}</msg>
<var>${status_code}</var>
<var>${body}</var>
<arg>${ue_id}</arg>
<arg>${bearer_id}</arg>
<status status="PASS" start="2026-05-23T11:33:36.161147" elapsed="0.002143"/>
</kw>
<kw name="Set Test Variable" owner="BuiltIn">
<msg time="2026-05-23T11:33:36.163461" level="INFO">${status_code} = 200</msg>
<arg>${status_code}</arg>
<doc>Makes a variable available everywhere within the scope of the current test.</doc>
<status status="PASS" start="2026-05-23T11:33:36.163346" elapsed="0.000130"/>
</kw>
<kw name="Set Test Variable" owner="BuiltIn">
<msg time="2026-05-23T11:33:36.163640" level="INFO">${body} = {'ue_id': 77, 'bearer_id': 9, 'protocol': 'tcp', 'target_bps': 5000000, 'tx_bps': 1139818468, 'rx_bps': 1139818468, 'duration': 0.0043866634368896484}</msg>
<arg>${body}</arg>
<doc>Makes a variable available everywhere within the scope of the current test.</doc>
<status status="PASS" start="2026-05-23T11:33:36.163517" elapsed="0.000137"/>
</kw>
<status status="PASS" start="2026-05-23T11:33:36.161048" elapsed="0.002627"/>
</kw>
<kw name="Then response status is">
<kw name="Should Be Equal As Integers" owner="BuiltIn">
<msg time="2026-05-23T11:33:36.163939" level="INFO">Argument types are:
&lt;class 'int'&gt;
&lt;class 'str'&gt;</msg>
<arg>${status_code}</arg>
<arg>${expected_status_code}</arg>
<doc>Fails if objects are unequal after converting them to integers.</doc>
<status status="PASS" start="2026-05-23T11:33:36.163854" elapsed="0.000104"/>
</kw>
<arg>200</arg>
<status status="PASS" start="2026-05-23T11:33:36.163761" elapsed="0.000216"/>
</kw>
<kw name="And field has integer value">
<kw name="Convert To Integer" owner="BuiltIn">
<msg time="2026-05-23T11:33:36.164225" level="INFO">${expected_int} = 77</msg>
<var>${expected_int}</var>
<arg>${expected_value}</arg>
<doc>Converts the given item to an integer number.</doc>
<status status="PASS" start="2026-05-23T11:33:36.164136" elapsed="0.000097"/>
</kw>
<kw name="Should Be Equal As Integers" owner="BuiltIn">
<arg>${body}[${field_name}]</arg>
<arg>${expected_int}</arg>
<doc>Fails if objects are unequal after converting them to integers.</doc>
<status status="PASS" start="2026-05-23T11:33:36.164268" elapsed="0.000090"/>
</kw>
<arg>ue_id</arg>
<arg>77</arg>
<status status="PASS" start="2026-05-23T11:33:36.164052" elapsed="0.000324"/>
</kw>
<kw name="And field has integer value">
<kw name="Convert To Integer" owner="BuiltIn">
<msg time="2026-05-23T11:33:36.164607" level="INFO">${expected_int} = 9</msg>
<var>${expected_int}</var>
<arg>${expected_value}</arg>
<doc>Converts the given item to an integer number.</doc>
<status status="PASS" start="2026-05-23T11:33:36.164525" elapsed="0.000091"/>
</kw>
<kw name="Should Be Equal As Integers" owner="BuiltIn">
<arg>${body}[${field_name}]</arg>
<arg>${expected_int}</arg>
<doc>Fails if objects are unequal after converting them to integers.</doc>
<status status="PASS" start="2026-05-23T11:33:36.164648" elapsed="0.000085"/>
</kw>
<arg>bearer_id</arg>
<arg>9</arg>
<status status="PASS" start="2026-05-23T11:33:36.164441" elapsed="0.000309"/>
</kw>
<kw name="And field has value">
<kw name="Should Be Equal" owner="BuiltIn">
<arg>${body}[${field_name}]</arg>
<arg>${expected_value}</arg>
<doc>Fails if the given objects are unequal.</doc>
<status status="PASS" start="2026-05-23T11:33:36.164892" elapsed="0.000089"/>
</kw>
<arg>protocol</arg>
<arg>tcp</arg>
<status status="PASS" start="2026-05-23T11:33:36.164812" elapsed="0.000187"/>
</kw>
<doc>4.1 Można sprawdzić transfer dla pojedynczego bearera w ramach UE.</doc>
<tag>stats</tag>
<status status="PASS" start="2026-05-23T11:33:36.146514" elapsed="0.018523"/>
</test>
<test id="s1-t6" name="Zatrzymanie ruchu dla bearera" line="64">
<kw name="Reset Simulator" owner="EpcApiLibrary" type="SETUP">
<status status="PASS" start="2026-05-23T11:33:36.165328" elapsed="0.003984"/>
</kw>
<kw name="When I attach UE with ID 11" source_name="When I attach UE with ID ${ue_id}">
<kw name="Attach Ue" owner="EpcApiLibrary">
<msg time="2026-05-23T11:33:36.173109" level="INFO">${status_code} = 200</msg>
<msg time="2026-05-23T11:33:36.173135" level="INFO">${body} = {'status': 'attached', 'ue_id': 11}</msg>
<var>${status_code}</var>
<var>${body}</var>
<arg>${ue_id}</arg>
<status status="PASS" start="2026-05-23T11:33:36.169604" elapsed="0.003539"/>
</kw>
<kw name="Set Test Variable" owner="BuiltIn">
<msg time="2026-05-23T11:33:36.173345" level="INFO">${status_code} = 200</msg>
<arg>${status_code}</arg>
<doc>Makes a variable available everywhere within the scope of the current test.</doc>
<status status="PASS" start="2026-05-23T11:33:36.173213" elapsed="0.000146"/>
</kw>
<kw name="Set Test Variable" owner="BuiltIn">
<msg time="2026-05-23T11:33:36.173477" level="INFO">${body} = {'status': 'attached', 'ue_id': 11}</msg>
<arg>${body}</arg>
<doc>Makes a variable available everywhere within the scope of the current test.</doc>
<status status="PASS" start="2026-05-23T11:33:36.173398" elapsed="0.000092"/>
</kw>
<status status="PASS" start="2026-05-23T11:33:36.169476" elapsed="0.004033"/>
</kw>
<kw name="When I start traffic for UE 11 on bearer 9 with protocol tcp at 12 Mbps" source_name="When I start traffic for UE ${ue_id} on bearer ${bearer_id} with protocol ${protocol} at ${mbps} Mbps">
<kw name="Start Traffic Mbps" owner="EpcApiLibrary">
<msg time="2026-05-23T11:33:36.179293" level="INFO">${status_code} = 200</msg>
<msg time="2026-05-23T11:33:36.179318" level="INFO">${body} = {'status': 'traffic_started', 'ue_id': 11, 'bearer_id': 9, 'target_bps': 12000000}</msg>
<var>${status_code}</var>
<var>${body}</var>
<arg>${ue_id}</arg>
<arg>${bearer_id}</arg>
<arg>${protocol}</arg>
<arg>${mbps}</arg>
<status status="PASS" start="2026-05-23T11:33:36.173754" elapsed="0.005573"/>
</kw>
<kw name="Set Test Variable" owner="BuiltIn">
<msg time="2026-05-23T11:33:36.179587" level="INFO">${status_code} = 200</msg>
<arg>${status_code}</arg>
<doc>Makes a variable available everywhere within the scope of the current test.</doc>
<status status="PASS" start="2026-05-23T11:33:36.179398" elapsed="0.000208"/>
</kw>
<kw name="Set Test Variable" owner="BuiltIn">
<msg time="2026-05-23T11:33:36.179792" level="INFO">${body} = {'status': 'traffic_started', 'ue_id': 11, 'bearer_id': 9, 'target_bps': 12000000}</msg>
<arg>${body}</arg>
<doc>Makes a variable available everywhere within the scope of the current test.</doc>
<status status="PASS" start="2026-05-23T11:33:36.179674" elapsed="0.000135"/>
</kw>
<status status="PASS" start="2026-05-23T11:33:36.173609" elapsed="0.006223"/>
</kw>
<kw name="When I stop traffic for UE 11 and bearer 9" source_name="When I stop traffic for UE ${ue_id} and bearer ${bearer_id}">
<kw name="Stop Traffic" owner="EpcApiLibrary">
<msg time="2026-05-23T11:33:36.185588" level="INFO">${status_code} = 200</msg>
<msg time="2026-05-23T11:33:36.185613" level="INFO">${body} = {'status': 'traffic_stopped', 'ue_id': 11, 'bearer_id': 9}</msg>
<var>${status_code}</var>
<var>${body}</var>
<arg>${ue_id}</arg>
<arg>${bearer_id}</arg>
<status status="PASS" start="2026-05-23T11:33:36.180040" elapsed="0.005582"/>
</kw>
<kw name="Set Test Variable" owner="BuiltIn">
<msg time="2026-05-23T11:33:36.185805" level="INFO">${status_code} = 200</msg>
<arg>${status_code}</arg>
<doc>Makes a variable available everywhere within the scope of the current test.</doc>
<status status="PASS" start="2026-05-23T11:33:36.185685" elapsed="0.000134"/>
</kw>
<kw name="Set Test Variable" owner="BuiltIn">
<msg time="2026-05-23T11:33:36.185941" level="INFO">${body} = {'status': 'traffic_stopped', 'ue_id': 11, 'bearer_id': 9}</msg>
<arg>${body}</arg>
<doc>Makes a variable available everywhere within the scope of the current test.</doc>
<status status="PASS" start="2026-05-23T11:33:36.185858" elapsed="0.000096"/>
</kw>
<status status="PASS" start="2026-05-23T11:33:36.179941" elapsed="0.006032"/>
</kw>
<kw name="Then response status is">
<kw name="Should Be Equal As Integers" owner="BuiltIn">
<msg time="2026-05-23T11:33:36.186237" level="INFO">Argument types are:
&lt;class 'int'&gt;
&lt;class 'str'&gt;</msg>
<arg>${status_code}</arg>
<arg>${expected_status_code}</arg>
<doc>Fails if objects are unequal after converting them to integers.</doc>
<status status="PASS" start="2026-05-23T11:33:36.186154" elapsed="0.000102"/>
</kw>
<arg>200</arg>
<status status="PASS" start="2026-05-23T11:33:36.186063" elapsed="0.000213"/>
</kw>
<kw name="And field has value">
<kw name="Should Be Equal" owner="BuiltIn">
<arg>${body}[${field_name}]</arg>
<arg>${expected_value}</arg>
<doc>Fails if the given objects are unequal.</doc>
<status status="PASS" start="2026-05-23T11:33:36.186428" elapsed="0.000095"/>
</kw>
<arg>status</arg>
<arg>traffic_stopped</arg>
<status status="PASS" start="2026-05-23T11:33:36.186343" elapsed="0.000197"/>
</kw>
<doc>5.1 Transfer danych można zakończyć dla poszczególnego bearera.</doc>
<tag>stop</tag>
<tag>traffic</tag>
<status status="PASS" start="2026-05-23T11:33:36.165141" elapsed="0.021492"/>
</test>
<test id="s1-t7" name="Dodaj dedykowany bearer" line="73">
<kw name="Reset Simulator" owner="EpcApiLibrary" type="SETUP">
<status status="PASS" start="2026-05-23T11:33:36.186879" elapsed="0.004259"/>
</kw>
<kw name="When I attach UE with ID 21" source_name="When I attach UE with ID ${ue_id}">
<kw name="Attach Ue" owner="EpcApiLibrary">
<msg time="2026-05-23T11:33:36.194304" level="INFO">${status_code} = 200</msg>
<msg time="2026-05-23T11:33:36.194324" level="INFO">${body} = {'status': 'attached', 'ue_id': 21}</msg>
<var>${status_code}</var>
<var>${body}</var>
<arg>${ue_id}</arg>
<status status="PASS" start="2026-05-23T11:33:36.191376" elapsed="0.002956"/>
</kw>
<kw name="Set Test Variable" owner="BuiltIn">
<msg time="2026-05-23T11:33:36.194491" level="INFO">${status_code} = 200</msg>
<arg>${status_code}</arg>
<doc>Makes a variable available everywhere within the scope of the current test.</doc>
<status status="PASS" start="2026-05-23T11:33:36.194379" elapsed="0.000124"/>
</kw>
<kw name="Set Test Variable" owner="BuiltIn">
<msg time="2026-05-23T11:33:36.194620" level="INFO">${body} = {'status': 'attached', 'ue_id': 21}</msg>
<arg>${body}</arg>
<doc>Makes a variable available everywhere within the scope of the current test.</doc>
<status status="PASS" start="2026-05-23T11:33:36.194542" elapsed="0.000091"/>
</kw>
<status status="PASS" start="2026-05-23T11:33:36.191275" elapsed="0.003377"/>
</kw>
<kw name="When I add bearer with ID 4 for UE 21" source_name="When I add bearer with ID ${bearer_id} for UE ${ue_id}">
<kw name="Add Bearer" owner="EpcApiLibrary">
<msg time="2026-05-23T11:33:36.198348" level="INFO">${status_code} = 200</msg>
<msg time="2026-05-23T11:33:36.198376" level="INFO">${body} = {'status': 'bearer_added', 'ue_id': 21, 'bearer_id': 4}</msg>
<var>${status_code}</var>
<var>${body}</var>
<arg>${ue_id}</arg>
<arg>${bearer_id}</arg>
<status status="PASS" start="2026-05-23T11:33:36.194848" elapsed="0.003541"/>
</kw>
<kw name="Set Test Variable" owner="BuiltIn">
<msg time="2026-05-23T11:33:36.198598" level="INFO">${status_code} = 200</msg>
<arg>${status_code}</arg>
<doc>Makes a variable available everywhere within the scope of the current test.</doc>
<status status="PASS" start="2026-05-23T11:33:36.198455" elapsed="0.000159"/>
</kw>
<kw name="Set Test Variable" owner="BuiltIn">
<msg time="2026-05-23T11:33:36.198760" level="INFO">${body} = {'status': 'bearer_added', 'ue_id': 21, 'bearer_id': 4}</msg>
<arg>${body}</arg>
<doc>Makes a variable available everywhere within the scope of the current test.</doc>
<status status="PASS" start="2026-05-23T11:33:36.198662" elapsed="0.000113"/>
</kw>
<status status="PASS" start="2026-05-23T11:33:36.194751" elapsed="0.004043"/>
</kw>
<kw name="Then response status is">
<kw name="Should Be Equal As Integers" owner="BuiltIn">
<msg time="2026-05-23T11:33:36.199065" level="INFO">Argument types are:
&lt;class 'int'&gt;
&lt;class 'str'&gt;</msg>
<arg>${status_code}</arg>
<arg>${expected_status_code}</arg>
<doc>Fails if objects are unequal after converting them to integers.</doc>
<status status="PASS" start="2026-05-23T11:33:36.198977" elapsed="0.000108"/>
</kw>
<arg>200</arg>
<status status="PASS" start="2026-05-23T11:33:36.198884" elapsed="0.000220"/>
</kw>
<kw name="And field has value">
<kw name="Should Be Equal" owner="BuiltIn">
<arg>${body}[${field_name}]</arg>
<arg>${expected_value}</arg>
<doc>Fails if the given objects are unequal.</doc>
<status status="PASS" start="2026-05-23T11:33:36.199264" elapsed="0.000105"/>
</kw>
<arg>status</arg>
<arg>bearer_added</arg>
<status status="PASS" start="2026-05-23T11:33:36.199173" elapsed="0.000234"/>
</kw>
<kw name="When I get UE with ID 21" source_name="When I get UE with ID ${ue_id}">
<kw name="Get Ue" owner="EpcApiLibrary">
<msg time="2026-05-23T11:33:36.201656" level="INFO">${status_code} = 200</msg>
<msg time="2026-05-23T11:33:36.201678" level="INFO">${body} = {'ue_id': 21, 'bearers': {'9': {'bearer_id': 9, 'protocol': None, 'target_bps': None, 'active': False}, '4': {'bearer_id': 4, 'protocol': None, 'target_bps': None, 'active': False}}, 'stats': {}}</msg>
<var>${status_code}</var>
<var>${body}</var>
<arg>${ue_id}</arg>
<status status="PASS" start="2026-05-23T11:33:36.199593" elapsed="0.002094"/>
</kw>
<kw name="Set Test Variable" owner="BuiltIn">
<msg time="2026-05-23T11:33:36.201844" level="INFO">${status_code} = 200</msg>
<arg>${status_code}</arg>
<doc>Makes a variable available everywhere within the scope of the current test.</doc>
<status status="PASS" start="2026-05-23T11:33:36.201739" elapsed="0.000119"/>
</kw>
<kw name="Set Test Variable" owner="BuiltIn">
<msg time="2026-05-23T11:33:36.201975" level="INFO">${body} = {'ue_id': 21, 'bearers': {'9': {'bearer_id': 9, 'protocol': None, 'target_bps': None, 'active': False}, '4': {'bearer_id': 4, 'protocol': None, 'target_bps': None, 'active': False}}, 'stats': {}}</msg>
<arg>${body}</arg>
<doc>Makes a variable available everywhere within the scope of the current test.</doc>
<status status="PASS" start="2026-05-23T11:33:36.201895" elapsed="0.000093"/>
</kw>
<status status="PASS" start="2026-05-23T11:33:36.199506" elapsed="0.002499"/>
</kw>
<kw name="And UE has bearer with ID">
<kw name="Dictionary Should Contain Key" owner="Collections">
<arg>${body}[bearers]</arg>
<arg>${bearer_id}</arg>
<doc>Fails if ``key`` is not found from ``dictionary``.</doc>
<status status="PASS" start="2026-05-23T11:33:36.202171" elapsed="0.000068"/>
</kw>
<arg>4</arg>
<status status="PASS" start="2026-05-23T11:33:36.202084" elapsed="0.000173"/>
</kw>
<doc>6.1 Możliwe jest dodanie dedykowanych bearer-ów dla UE.</doc>
<tag>bearer</tag>
<tag>happy_path</tag>
<status status="PASS" start="2026-05-23T11:33:36.186747" elapsed="0.015551"/>
</test>
<test id="s1-t8" name="Usuń dedykowany bearer" line="83">
<kw name="Reset Simulator" owner="EpcApiLibrary" type="SETUP">
<status status="PASS" start="2026-05-23T11:33:36.202529" elapsed="0.004401"/>
</kw>
<kw name="When I attach UE with ID 31" source_name="When I attach UE with ID ${ue_id}">
<kw name="Attach Ue" owner="EpcApiLibrary">
<msg time="2026-05-23T11:33:36.210067" level="INFO">${status_code} = 200</msg>
<msg time="2026-05-23T11:33:36.210093" level="INFO">${body} = {'status': 'attached', 'ue_id': 31}</msg>
<var>${status_code}</var>
<var>${body}</var>
<arg>${ue_id}</arg>
<status status="PASS" start="2026-05-23T11:33:36.207144" elapsed="0.002958"/>
</kw>
<kw name="Set Test Variable" owner="BuiltIn">
<msg time="2026-05-23T11:33:36.210285" level="INFO">${status_code} = 200</msg>
<arg>${status_code}</arg>
<doc>Makes a variable available everywhere within the scope of the current test.</doc>
<status status="PASS" start="2026-05-23T11:33:36.210161" elapsed="0.000139"/>
</kw>
<kw name="Set Test Variable" owner="BuiltIn">
<msg time="2026-05-23T11:33:36.210426" level="INFO">${body} = {'status': 'attached', 'ue_id': 31}</msg>
<arg>${body}</arg>
<doc>Makes a variable available everywhere within the scope of the current test.</doc>
<status status="PASS" start="2026-05-23T11:33:36.210344" elapsed="0.000095"/>
</kw>
<status status="PASS" start="2026-05-23T11:33:36.207052" elapsed="0.003406"/>
</kw>
<kw name="When I add bearer with ID 5 for UE 31" source_name="When I add bearer with ID ${bearer_id} for UE ${ue_id}">
<kw name="Add Bearer" owner="EpcApiLibrary">
<msg time="2026-05-23T11:33:36.214562" level="INFO">${status_code} = 200</msg>
<msg time="2026-05-23T11:33:36.214581" level="INFO">${body} = {'status': 'bearer_added', 'ue_id': 31, 'bearer_id': 5}</msg>
<var>${status_code}</var>
<var>${body}</var>
<arg>${ue_id}</arg>
<arg>${bearer_id}</arg>
<status status="PASS" start="2026-05-23T11:33:36.210644" elapsed="0.003945"/>
</kw>
<kw name="Set Test Variable" owner="BuiltIn">
<msg time="2026-05-23T11:33:36.214741" level="INFO">${status_code} = 200</msg>
<arg>${status_code}</arg>
<doc>Makes a variable available everywhere within the scope of the current test.</doc>
<status status="PASS" start="2026-05-23T11:33:36.214640" elapsed="0.000114"/>
</kw>
<kw name="Set Test Variable" owner="BuiltIn">
<msg time="2026-05-23T11:33:36.214902" level="INFO">${body} = {'status': 'bearer_added', 'ue_id': 31, 'bearer_id': 5}</msg>
<arg>${body}</arg>
<doc>Makes a variable available everywhere within the scope of the current test.</doc>
<status status="PASS" start="2026-05-23T11:33:36.214823" elapsed="0.000091"/>
</kw>
<status status="PASS" start="2026-05-23T11:33:36.210552" elapsed="0.004381"/>
</kw>
<kw name="When I delete bearer with ID 5 for UE 31" source_name="When I delete bearer with ID ${bearer_id} for UE ${ue_id}">
<kw name="Delete Bearer" owner="EpcApiLibrary">
<msg time="2026-05-23T11:33:36.219433" level="INFO">${status_code} = 200</msg>
<msg time="2026-05-23T11:33:36.219458" level="INFO">${body} = {'status': 'bearer_deleted', 'ue_id': 31, 'bearer_id': 5}</msg>
<var>${status_code}</var>
<var>${body}</var>
<arg>${ue_id}</arg>
<arg>${bearer_id}</arg>
<status status="PASS" start="2026-05-23T11:33:36.215119" elapsed="0.004350"/>
</kw>
<kw name="Set Test Variable" owner="BuiltIn">
<msg time="2026-05-23T11:33:36.219657" level="INFO">${status_code} = 200</msg>
<arg>${status_code}</arg>
<doc>Makes a variable available everywhere within the scope of the current test.</doc>
<status status="PASS" start="2026-05-23T11:33:36.219537" elapsed="0.000135"/>
</kw>
<kw name="Set Test Variable" owner="BuiltIn">
<msg time="2026-05-23T11:33:36.219807" level="INFO">${body} = {'status': 'bearer_deleted', 'ue_id': 31, 'bearer_id': 5}</msg>
<arg>${body}</arg>
<doc>Makes a variable available everywhere within the scope of the current test.</doc>
<status status="PASS" start="2026-05-23T11:33:36.219724" elapsed="0.000096"/>
</kw>
<status status="PASS" start="2026-05-23T11:33:36.215025" elapsed="0.004821"/>
</kw>
<kw name="Then response status is">
<kw name="Should Be Equal As Integers" owner="BuiltIn">
<msg time="2026-05-23T11:33:36.220113" level="INFO">Argument types are:
&lt;class 'int'&gt;
&lt;class 'str'&gt;</msg>
<arg>${status_code}</arg>
<arg>${expected_status_code}</arg>
<doc>Fails if objects are unequal after converting them to integers.</doc>
<status status="PASS" start="2026-05-23T11:33:36.220028" elapsed="0.000105"/>
</kw>
<arg>200</arg>
<status status="PASS" start="2026-05-23T11:33:36.219935" elapsed="0.000220"/>
</kw>
<kw name="And field has value">
<kw name="Should Be Equal" owner="BuiltIn">
<arg>${body}[${field_name}]</arg>
<arg>${expected_value}</arg>
<doc>Fails if the given objects are unequal.</doc>
<status status="PASS" start="2026-05-23T11:33:36.220309" elapsed="0.000097"/>
</kw>
<arg>status</arg>
<arg>bearer_deleted</arg>
<status status="PASS" start="2026-05-23T11:33:36.220224" elapsed="0.000200"/>
</kw>
<doc>8.1 Możliwe jest usunięcie dedykowanego bearer'a dla UE.</doc>
<tag>bearer</tag>
<tag>happy_path</tag>
<status status="PASS" start="2026-05-23T11:33:36.202403" elapsed="0.018062"/>
</test>
<test id="s1-t9" name="Usuń bearer — nie można usunąć domyślnego (9)" line="92">
<kw name="Reset Simulator" owner="EpcApiLibrary" type="SETUP">
<status status="PASS" start="2026-05-23T11:33:36.220733" elapsed="0.003774"/>
</kw>
<kw name="When I attach UE with ID 32" source_name="When I attach UE with ID ${ue_id}">
<kw name="Attach Ue" owner="EpcApiLibrary">
<msg time="2026-05-23T11:33:36.227976" level="INFO">${status_code} = 200</msg>
<msg time="2026-05-23T11:33:36.227998" level="INFO">${body} = {'status': 'attached', 'ue_id': 32}</msg>
<var>${status_code}</var>
<var>${body}</var>
<arg>${ue_id}</arg>
<status status="PASS" start="2026-05-23T11:33:36.224666" elapsed="0.003340"/>
</kw>
<kw name="Set Test Variable" owner="BuiltIn">
<msg time="2026-05-23T11:33:36.228194" level="INFO">${status_code} = 200</msg>
<arg>${status_code}</arg>
<doc>Makes a variable available everywhere within the scope of the current test.</doc>
<status status="PASS" start="2026-05-23T11:33:36.228069" elapsed="0.000139"/>
</kw>
<kw name="Set Test Variable" owner="BuiltIn">
<msg time="2026-05-23T11:33:36.228327" level="INFO">${body} = {'status': 'attached', 'ue_id': 32}</msg>
<arg>${body}</arg>
<doc>Makes a variable available everywhere within the scope of the current test.</doc>
<status status="PASS" start="2026-05-23T11:33:36.228246" elapsed="0.000094"/>
</kw>
<status status="PASS" start="2026-05-23T11:33:36.224592" elapsed="0.003767"/>
</kw>
<kw name="When I delete bearer with ID 9 for UE 32" source_name="When I delete bearer with ID ${bearer_id} for UE ${ue_id}">
<kw name="Delete Bearer" owner="EpcApiLibrary">
<msg time="2026-05-23T11:33:36.230700" level="INFO">${status_code} = 400</msg>
<msg time="2026-05-23T11:33:36.230720" level="INFO">${body} = {'detail': 'Cannot remove default bearer'}</msg>
<var>${status_code}</var>
<var>${body}</var>
<arg>${ue_id}</arg>
<arg>${bearer_id}</arg>
<status status="PASS" start="2026-05-23T11:33:36.228553" elapsed="0.002176"/>
</kw>
<kw name="Set Test Variable" owner="BuiltIn">
<msg time="2026-05-23T11:33:36.230895" level="INFO">${status_code} = 400</msg>
<arg>${status_code}</arg>
<doc>Makes a variable available everywhere within the scope of the current test.</doc>
<status status="PASS" start="2026-05-23T11:33:36.230785" elapsed="0.000123"/>
</kw>
<kw name="Set Test Variable" owner="BuiltIn">
<msg time="2026-05-23T11:33:36.231028" level="INFO">${body} = {'detail': 'Cannot remove default bearer'}</msg>
<arg>${body}</arg>
<doc>Makes a variable available everywhere within the scope of the current test.</doc>
<status status="PASS" start="2026-05-23T11:33:36.230946" elapsed="0.000095"/>
</kw>
<status status="PASS" start="2026-05-23T11:33:36.228457" elapsed="0.002603"/>
</kw>
<kw name="Then response status is">
<kw name="Should Be Equal As Integers" owner="BuiltIn">
<msg time="2026-05-23T11:33:36.231322" level="INFO">Argument types are:
&lt;class 'int'&gt;
&lt;class 'str'&gt;</msg>
<arg>${status_code}</arg>
<arg>${expected_status_code}</arg>
<doc>Fails if objects are unequal after converting them to integers.</doc>
<status status="PASS" start="2026-05-23T11:33:36.231235" elapsed="0.000105"/>
</kw>
<arg>400</arg>
<status status="PASS" start="2026-05-23T11:33:36.231145" elapsed="0.000213"/>
</kw>
<kw name="And field has value">
<kw name="Should Be Equal" owner="BuiltIn">
<arg>${body}[${field_name}]</arg>
<arg>${expected_value}</arg>
<doc>Fails if the given objects are unequal.</doc>
<status status="PASS" start="2026-05-23T11:33:36.231518" elapsed="0.000126"/>
</kw>
<arg>detail</arg>
<arg>Cannot remove default bearer</arg>
<status status="PASS" start="2026-05-23T11:33:36.231430" elapsed="0.000233"/>
</kw>
<doc>8.4 Nie ma możliwości usunięcia domyślnego bearera.</doc>
<tag>bearer</tag>
<tag>error</tag>
<status status="PASS" start="2026-05-23T11:33:36.220572" elapsed="0.011141"/>
</test>
<test id="s1-t10" name="Reset symulatora" line="100">
<kw name="Reset Simulator" owner="EpcApiLibrary" type="SETUP">
<status status="PASS" start="2026-05-23T11:33:36.231949" elapsed="0.004944"/>
</kw>
<kw name="When I attach UE with ID 41" source_name="When I attach UE with ID ${ue_id}">
<kw name="Attach Ue" owner="EpcApiLibrary">
<msg time="2026-05-23T11:33:36.240247" level="INFO">${status_code} = 200</msg>
<msg time="2026-05-23T11:33:36.240268" level="INFO">${body} = {'status': 'attached', 'ue_id': 41}</msg>
<var>${status_code}</var>
<var>${body}</var>
<arg>${ue_id}</arg>
<status status="PASS" start="2026-05-23T11:33:36.237127" elapsed="0.003149"/>
</kw>
<kw name="Set Test Variable" owner="BuiltIn">
<msg time="2026-05-23T11:33:36.240452" level="INFO">${status_code} = 200</msg>
<arg>${status_code}</arg>
<doc>Makes a variable available everywhere within the scope of the current test.</doc>
<status status="PASS" start="2026-05-23T11:33:36.240334" elapsed="0.000131"/>
</kw>
<kw name="Set Test Variable" owner="BuiltIn">
<msg time="2026-05-23T11:33:36.240607" level="INFO">${body} = {'status': 'attached', 'ue_id': 41}</msg>
<arg>${body}</arg>
<doc>Makes a variable available everywhere within the scope of the current test.</doc>
<status status="PASS" start="2026-05-23T11:33:36.240503" elapsed="0.000117"/>
</kw>
<status status="PASS" start="2026-05-23T11:33:36.237029" elapsed="0.003612"/>
</kw>
<kw name="When I reset the simulator">
<kw name="Reset Simulator" owner="EpcApiLibrary">
<status status="PASS" start="2026-05-23T11:33:36.240839" elapsed="0.002835"/>
</kw>
<status status="PASS" start="2026-05-23T11:33:36.240758" elapsed="0.002948"/>
</kw>
<kw name="When I list UEs">
<kw name="List Ues" owner="EpcApiLibrary">
<msg time="2026-05-23T11:33:36.245315" level="INFO">${status_code} = 200</msg>
<msg time="2026-05-23T11:33:36.245336" level="INFO">${body} = {'ues': []}</msg>
<var>${status_code}</var>
<var>${body}</var>
<status status="PASS" start="2026-05-23T11:33:36.243909" elapsed="0.001436"/>
</kw>
<kw name="Set Test Variable" owner="BuiltIn">
<msg time="2026-05-23T11:33:36.245510" level="INFO">${status_code} = 200</msg>
<arg>${status_code}</arg>
<doc>Makes a variable available everywhere within the scope of the current test.</doc>
<status status="PASS" start="2026-05-23T11:33:36.245394" elapsed="0.000130"/>
</kw>
<kw name="Set Test Variable" owner="BuiltIn">
<msg time="2026-05-23T11:33:36.245650" level="INFO">${body} = {'ues': []}</msg>
<arg>${body}</arg>
<doc>Makes a variable available everywhere within the scope of the current test.</doc>
<status status="PASS" start="2026-05-23T11:33:36.245566" elapsed="0.000096"/>
</kw>
<status status="PASS" start="2026-05-23T11:33:36.243808" elapsed="0.001873"/>
</kw>
<kw name="Then response status is">
<kw name="Should Be Equal As Integers" owner="BuiltIn">
<msg time="2026-05-23T11:33:36.245938" level="INFO">Argument types are:
&lt;class 'int'&gt;
&lt;class 'str'&gt;</msg>
<arg>${status_code}</arg>
<arg>${expected_status_code}</arg>
<doc>Fails if objects are unequal after converting them to integers.</doc>
<status status="PASS" start="2026-05-23T11:33:36.245854" elapsed="0.000103"/>
</kw>
<arg>200</arg>
<status status="PASS" start="2026-05-23T11:33:36.245763" elapsed="0.000213"/>
</kw>
<kw name="And UE list is empty">
<kw name="Should Be Empty" owner="BuiltIn">
<msg time="2026-05-23T11:33:36.246276" level="INFO">Length is 0.</msg>
<arg>${body}[ues]</arg>
<doc>Verifies that the given item is empty.</doc>
<status status="PASS" start="2026-05-23T11:33:36.246118" elapsed="0.000173"/>
</kw>
<status status="PASS" start="2026-05-23T11:33:36.246045" elapsed="0.000266"/>
</kw>
<doc>9.1 Możliwe jest przywrócenie symulatora do stanu początkowego.</doc>
<tag>reset</tag>
<status status="PASS" start="2026-05-23T11:33:36.231817" elapsed="0.014533"/>
</test>
<doc>Skrócone testy akceptacyjne API symulatora EPC.
Przed uruchomieniem: docker run -p 8000:8000 epc-simulator:1.0.0</doc>
<status status="PASS" start="2026-05-23T11:33:36.016154" elapsed="0.230402"/>
</suite>
<statistics>
<total>
<stat pass="10" fail="0" skip="0">All Tests</stat>
</total>
<tag>
<stat pass="2" fail="0" skip="0">attach</stat>
<stat pass="3" fail="0" skip="0">bearer</stat>
<stat pass="1" fail="0" skip="0">detach</stat>
<stat pass="1" fail="0" skip="0">error</stat>
<stat pass="5" fail="0" skip="0">happy_path</stat>
<stat pass="1" fail="0" skip="0">reset</stat>
<stat pass="1" fail="0" skip="0">stats</stat>
<stat pass="1" fail="0" skip="0">stop</stat>
<stat pass="2" fail="0" skip="0">traffic</stat>
<stat pass="1" fail="0" skip="0">validation</stat>
</tag>
<suite>
<stat name="Epc Acceptance V0" id="s1" pass="10" fail="0" skip="0">Epc Acceptance V0</stat>
</suite>
</statistics>
<errors>
</errors>
</robot>
