<?xml version="1.0" encoding="UTF-8"?>
<robot generator="Robot 7.4.2 (Python 3.13.12 on darwin)" generated="2026-05-23T12:54:51.451686" rpa="false" schemaversion="5">
<suite id="s1" name="Epc Session Management" source="/Users/jakubkapala/Code/studia/sem6/to-nokia/to-nokia/epc_session_management.robot">
<test id="s1-t1" name="EPC-SM-1-001 Attach - sukces, bearer 9 i granice dokumentowane 0 oraz 100" line="19">
<kw name="Reset Simulator" owner="EpcApiLibrary" type="SETUP">
<status status="PASS" start="2026-05-23T12:54:51.505994" elapsed="0.009130"/>
</kw>
<kw name="When I attach UE with ID 42" source_name="When I attach UE with ID ${ue_id}">
<kw name="Attach Ue" owner="EpcApiLibrary">
<msg time="2026-05-23T12:54:51.518827" level="INFO">${status_code} = 200</msg>
<msg time="2026-05-23T12:54:51.518857" level="INFO">${body} = {'status': 'attached', 'ue_id': 42}</msg>
<var>${status_code}</var>
<var>${body}</var>
<arg>${ue_id}</arg>
<status status="PASS" start="2026-05-23T12:54:51.515465" elapsed="0.003404"/>
</kw>
<kw name="Set Test Variable" owner="BuiltIn">
<msg time="2026-05-23T12:54:51.519084" level="INFO">${status_code} = 200</msg>
<arg>${status_code}</arg>
<doc>Makes a variable available everywhere within the scope of the current test.</doc>
<status status="PASS" start="2026-05-23T12:54:51.518936" elapsed="0.000164"/>
</kw>
<kw name="Set Test Variable" owner="BuiltIn">
<msg time="2026-05-23T12:54:51.519235" level="INFO">${body} = {'status': 'attached', 'ue_id': 42}</msg>
<arg>${body}</arg>
<doc>Makes a variable available everywhere within the scope of the current test.</doc>
<status status="PASS" start="2026-05-23T12:54:51.519145" elapsed="0.000104"/>
</kw>
<status status="PASS" start="2026-05-23T12:54:51.515331" elapsed="0.003941"/>
</kw>
<kw name="Then response is success">
<kw name="Should Be True" owner="BuiltIn">
<arg>${status_code} &gt;= 200 and ${status_code} &lt; 300</arg>
<arg>msg=Oczekiwano 2xx wg dokumentacji, otrzymano HTTP ${status_code}: ${body}</arg>
<doc>Fails if the given condition is not true.</doc>
<status status="PASS" start="2026-05-23T12:54:51.519452" elapsed="0.000215"/>
</kw>
<status status="PASS" start="2026-05-23T12:54:51.519363" elapsed="0.000327"/>
</kw>
<kw name="When I get UE with ID 42" source_name="When I get UE with ID ${ue_id}">
<kw name="Get Ue" owner="EpcApiLibrary">
<msg time="2026-05-23T12:54:51.521711" level="INFO">${status_code} = 200</msg>
<msg time="2026-05-23T12:54:51.521735" level="INFO">${body} = {'ue_id': 42, 'bearers': {'9': {'bearer_id': 9, 'protocol': None, 'target_bps': None, 'active': False}}, 'stats': {}}</msg>
<var>${status_code}</var>
<var>${body}</var>
<arg>${ue_id}</arg>
<status status="PASS" start="2026-05-23T12:54:51.519901" elapsed="0.001843"/>
</kw>
<kw name="Set Test Variable" owner="BuiltIn">
<msg time="2026-05-23T12:54:51.521917" level="INFO">${status_code} = 200</msg>
<arg>${status_code}</arg>
<doc>Makes a variable available everywhere within the scope of the current test.</doc>
<status status="PASS" start="2026-05-23T12:54:51.521798" elapsed="0.000134"/>
</kw>
<kw name="Set Test Variable" owner="BuiltIn">
<msg time="2026-05-23T12:54:51.522057" level="INFO">${body} = {'ue_id': 42, 'bearers': {'9': {'bearer_id': 9, 'protocol': None, 'target_bps': None, 'active': False}}, 'stats': {}}</msg>
<arg>${body}</arg>
<doc>Makes a variable available everywhere within the scope of the current test.</doc>
<status status="PASS" start="2026-05-23T12:54:51.521970" elapsed="0.000101"/>
</kw>
<status status="PASS" start="2026-05-23T12:54:51.519769" elapsed="0.002321"/>
</kw>
<kw name="Then response is success">
<kw name="Should Be True" owner="BuiltIn">
<arg>${status_code} &gt;= 200 and ${status_code} &lt; 300</arg>
<arg>msg=Oczekiwano 2xx wg dokumentacji, otrzymano HTTP ${status_code}: ${body}</arg>
<doc>Fails if the given condition is not true.</doc>
<status status="PASS" start="2026-05-23T12:54:51.522249" elapsed="0.000172"/>
</kw>
<status status="PASS" start="2026-05-23T12:54:51.522169" elapsed="0.000273"/>
</kw>
<kw name="And UE has default bearer per documentation">
<kw name="Dictionary Should Contain Key" owner="Collections">
<arg>${body}[bearers]</arg>
<arg>${DOC_DEFAULT_BEARER}</arg>
<doc>Fails if ``key`` is not found from ``dictionary``.</doc>
<status status="PASS" start="2026-05-23T12:54:51.522582" elapsed="0.000069"/>
</kw>
<status status="PASS" start="2026-05-23T12:54:51.522510" elapsed="0.000160"/>
</kw>
<kw name="When I attach UE with ID ${DOC_UE_ID_MIN}" source_name="When I attach UE with ID ${ue_id}">
<kw name="Attach Ue" owner="EpcApiLibrary">
<msg time="2026-05-23T12:54:51.524505" level="INFO">${status_code} = 422</msg>
<msg time="2026-05-23T12:54:51.524524" level="INFO">${body} = {'detail': [{'type': 'greater_than_equal', 'loc': ['body', 'ue_id'], 'msg': 'Input should be greater than or equal to 1', 'input': 0, 'ctx': {'ge': 1}}]}</msg>
<var>${status_code}</var>
<var>${body}</var>
<arg>${ue_id}</arg>
<status status="PASS" start="2026-05-23T12:54:51.522870" elapsed="0.001663"/>
</kw>
<kw name="Set Test Variable" owner="BuiltIn">
<msg time="2026-05-23T12:54:51.524681" level="INFO">${status_code} = 422</msg>
<arg>${status_code}</arg>
<doc>Makes a variable available everywhere within the scope of the current test.</doc>
<status status="PASS" start="2026-05-23T12:54:51.524579" elapsed="0.000115"/>
</kw>
<kw name="Set Test Variable" owner="BuiltIn">
<msg time="2026-05-23T12:54:51.524807" level="INFO">${body} = {'detail': [{'type': 'greater_than_equal', 'loc': ['body', 'ue_id'], 'msg': 'Input should be greater than or equal to 1', 'input': 0, 'ctx': {'ge': 1}}]}</msg>
<arg>${body}</arg>
<doc>Makes a variable available everywhere within the scope of the current test.</doc>
<status status="PASS" start="2026-05-23T12:54:51.524729" elapsed="0.000091"/>
</kw>
<status status="PASS" start="2026-05-23T12:54:51.522780" elapsed="0.002057"/>
</kw>
<kw name="Then response is success">
<kw name="Should Be True" owner="BuiltIn">
<msg time="2026-05-23T12:54:51.525159" level="FAIL">Oczekiwano 2xx wg dokumentacji, otrzymano HTTP 422: {'detail': [{'type': 'greater_than_equal', 'loc': ['body', 'ue_id'], 'msg': 'Input should be greater than or equal to 1', 'input': 0, 'ctx': {'ge': 1}}]}</msg>
<arg>${status_code} &gt;= 200 and ${status_code} &lt; 300</arg>
<arg>msg=Oczekiwano 2xx wg dokumentacji, otrzymano HTTP ${status_code}: ${body}</arg>
<doc>Fails if the given condition is not true.</doc>
<status status="FAIL" start="2026-05-23T12:54:51.524982" elapsed="0.000245">Oczekiwano 2xx wg dokumentacji, otrzymano HTTP 422: {'detail': [{'type': 'greater_than_equal', 'loc': ['body', 'ue_id'], 'msg': 'Input should be greater than or equal to 1', 'input': 0, 'ctx': {'ge': 1}}]}</status>
</kw>
<status status="FAIL" start="2026-05-23T12:54:51.524905" elapsed="0.000367">Oczekiwano 2xx wg dokumentacji, otrzymano HTTP 422: {'detail': [{'type': 'greater_than_equal', 'loc': ['body', 'ue_id'], 'msg': 'Input should be greater than or equal to 1', 'input': 0, 'ctx': {'ge': 1}}]}</status>
</kw>
<kw name="When I attach UE with ID ${DOC_UE_ID_MAX}" source_name="When I attach UE with ID ${ue_id}">
<status status="NOT RUN" start="2026-05-23T12:54:51.525387" elapsed="0.000008"/>
</kw>
<kw name="Then response is success">
<status status="NOT RUN" start="2026-05-23T12:54:51.525460" elapsed="0.000006"/>
</kw>
<doc>1.1, 1.4, Założenia: attach w zakresie; po attach bearer 9; UE=0 i UE=100 na granicach.</doc>
<tag>attach</tag>
<tag>boundary</tag>
<tag>EPC-SM-1-001</tag>
<tag>happy_path</tag>
<tag>req_1</tag>
<status status="FAIL" start="2026-05-23T12:54:51.505634" elapsed="0.019886">Oczekiwano 2xx wg dokumentacji, otrzymano HTTP 422: {'detail': [{'type': 'greater_than_equal', 'loc': ['body', 'ue_id'], 'msg': 'Input should be greater than or equal to 1', 'input': 0, 'ctx': {'ge': 1}}]}</status>
</test>
<test id="s1-t2" name="EPC-SM-1-002 Attach - błąd dla ID poza dokumentowanym zakresem" line="32">
<kw name="Reset Simulator" owner="EpcApiLibrary" type="SETUP">
<status status="PASS" start="2026-05-23T12:54:51.525834" elapsed="0.004293"/>
</kw>
<for flavor="IN">
<iter>
<kw name="When I attach UE with ID ${invalid_id}" source_name="When I attach UE with ID ${ue_id}">
<kw name="Attach Ue" owner="EpcApiLibrary">
<msg time="2026-05-23T12:54:51.531905" level="INFO">${status_code} = 422</msg>
<msg time="2026-05-23T12:54:51.531928" level="INFO">${body} = {'detail': [{'type': 'greater_than_equal', 'loc': ['body', 'ue_id'], 'msg': 'Input should be greater than or equal to 1', 'input': -1, 'ctx': {'ge': 1}}]}</msg>
<var>${status_code}</var>
<var>${body}</var>
<arg>${ue_id}</arg>
<status status="PASS" start="2026-05-23T12:54:51.530521" elapsed="0.001415"/>
</kw>
<kw name="Set Test Variable" owner="BuiltIn">
<msg time="2026-05-23T12:54:51.532111" level="INFO">${status_code} = 422</msg>
<arg>${status_code}</arg>
<doc>Makes a variable available everywhere within the scope of the current test.</doc>
<status status="PASS" start="2026-05-23T12:54:51.531990" elapsed="0.000135"/>
</kw>
<kw name="Set Test Variable" owner="BuiltIn">
<msg time="2026-05-23T12:54:51.532242" level="INFO">${body} = {'detail': [{'type': 'greater_than_equal', 'loc': ['body', 'ue_id'], 'msg': 'Input should be greater than or equal to 1', 'input': -1, 'ctx': {'ge': 1}}]}</msg>
<arg>${body}</arg>
<doc>Makes a variable available everywhere within the scope of the current test.</doc>
<status status="PASS" start="2026-05-23T12:54:51.532162" elapsed="0.000093"/>
</kw>
<status status="PASS" start="2026-05-23T12:54:51.530382" elapsed="0.001892"/>
</kw>
<kw name="Then response is error">
<kw name="Should Be True" owner="BuiltIn">
<arg>${status_code} &gt;= 400</arg>
<arg>msg=Oczekiwano błędu wg dokumentacji, otrzymano HTTP ${status_code}: ${body}</arg>
<doc>Fails if the given condition is not true.</doc>
<status status="PASS" start="2026-05-23T12:54:51.532417" elapsed="0.000151"/>
</kw>
<status status="PASS" start="2026-05-23T12:54:51.532334" elapsed="0.000253"/>
</kw>
<var name="${invalid_id}">-1</var>
<status status="PASS" start="2026-05-23T12:54:51.530262" elapsed="0.002331"/>
</iter>
<iter>
<kw name="When I attach UE with ID ${invalid_id}" source_name="When I attach UE with ID ${ue_id}">
<kw name="Attach Ue" owner="EpcApiLibrary">
<msg time="2026-05-23T12:54:51.534180" level="INFO">${status_code} = 422</msg>
<msg time="2026-05-23T12:54:51.534209" level="INFO">${body} = {'detail': [{'type': 'less_than_equal', 'loc': ['body', 'ue_id'], 'msg': 'Input should be less than or equal to 100', 'input': 101, 'ctx': {'le': 100}}]}</msg>
<var>${status_code}</var>
<var>${body}</var>
<arg>${ue_id}</arg>
<status status="PASS" start="2026-05-23T12:54:51.532789" elapsed="0.001429"/>
</kw>
<kw name="Set Test Variable" owner="BuiltIn">
<msg time="2026-05-23T12:54:51.534403" level="INFO">${status_code} = 422</msg>
<arg>${status_code}</arg>
<doc>Makes a variable available everywhere within the scope of the current test.</doc>
<status status="PASS" start="2026-05-23T12:54:51.534281" elapsed="0.000136"/>
</kw>
<kw name="Set Test Variable" owner="BuiltIn">
<msg time="2026-05-23T12:54:51.534536" level="INFO">${body} = {'detail': [{'type': 'less_than_equal', 'loc': ['body', 'ue_id'], 'msg': 'Input should be less than or equal to 100', 'input': 101, 'ctx': {'le': 100}}]}</msg>
<arg>${body}</arg>
<doc>Makes a variable available everywhere within the scope of the current test.</doc>
<status status="PASS" start="2026-05-23T12:54:51.534457" elapsed="0.000090"/>
</kw>
<status status="PASS" start="2026-05-23T12:54:51.532706" elapsed="0.001858"/>
</kw>
<kw name="Then response is error">
<kw name="Should Be True" owner="BuiltIn">
<arg>${status_code} &gt;= 400</arg>
<arg>msg=Oczekiwano błędu wg dokumentacji, otrzymano HTTP ${status_code}: ${body}</arg>
<doc>Fails if the given condition is not true.</doc>
<status status="PASS" start="2026-05-23T12:54:51.534717" elapsed="0.000157"/>
</kw>
<status status="PASS" start="2026-05-23T12:54:51.534635" elapsed="0.000257"/>
</kw>
<var name="${invalid_id}">101</var>
<status status="PASS" start="2026-05-23T12:54:51.532625" elapsed="0.002274"/>
</iter>
<iter>
<kw name="When I attach UE with ID ${invalid_id}" source_name="When I attach UE with ID ${ue_id}">
<kw name="Attach Ue" owner="EpcApiLibrary">
<msg time="2026-05-23T12:54:51.536589" level="INFO">${status_code} = 422</msg>
<msg time="2026-05-23T12:54:51.536610" level="INFO">${body} = {'detail': [{'type': 'less_than_equal', 'loc': ['body', 'ue_id'], 'msg': 'Input should be less than or equal to 100', 'input': 999, 'ctx': {'le': 100}}]}</msg>
<var>${status_code}</var>
<var>${body}</var>
<arg>${ue_id}</arg>
<status status="PASS" start="2026-05-23T12:54:51.535098" elapsed="0.001521"/>
</kw>
<kw name="Set Test Variable" owner="BuiltIn">
<msg time="2026-05-23T12:54:51.536761" level="INFO">${status_code} = 422</msg>
<arg>${status_code}</arg>
<doc>Makes a variable available everywhere within the scope of the current test.</doc>
<status status="PASS" start="2026-05-23T12:54:51.536664" elapsed="0.000110"/>
</kw>
<kw name="Set Test Variable" owner="BuiltIn">
<msg time="2026-05-23T12:54:51.536880" level="INFO">${body} = {'detail': [{'type': 'less_than_equal', 'loc': ['body', 'ue_id'], 'msg': 'Input should be less than or equal to 100', 'input': 999, 'ctx': {'le': 100}}]}</msg>
<arg>${body}</arg>
<doc>Makes a variable available everywhere within the scope of the current test.</doc>
<status status="PASS" start="2026-05-23T12:54:51.536808" elapsed="0.000083"/>
</kw>
<status status="PASS" start="2026-05-23T12:54:51.535017" elapsed="0.001890"/>
</kw>
<kw name="Then response is error">
<kw name="Should Be True" owner="BuiltIn">
<arg>${status_code} &gt;= 400</arg>
<arg>msg=Oczekiwano błędu wg dokumentacji, otrzymano HTTP ${status_code}: ${body}</arg>
<doc>Fails if the given condition is not true.</doc>
<status status="PASS" start="2026-05-23T12:54:51.537030" elapsed="0.000133"/>
</kw>
<status status="PASS" start="2026-05-23T12:54:51.536959" elapsed="0.000222"/>
</kw>
<var name="${invalid_id}">999</var>
<status status="PASS" start="2026-05-23T12:54:51.534933" elapsed="0.002255"/>
</iter>
<var>${invalid_id}</var>
<value>-1</value>
<value>101</value>
<value>999</value>
<status status="PASS" start="2026-05-23T12:54:51.530189" elapsed="0.007008"/>
</for>
<kw name="And simulator has no attached UEs">
<kw name="When I list UEs">
<kw name="List Ues" owner="EpcApiLibrary">
<msg time="2026-05-23T12:54:51.539421" level="INFO">${status_code} = 200</msg>
<msg time="2026-05-23T12:54:51.539444" level="INFO">${body} = {'ues': []}</msg>
<var>${status_code}</var>
<var>${body}</var>
<status status="PASS" start="2026-05-23T12:54:51.537417" elapsed="0.002036"/>
</kw>
<kw name="Set Test Variable" owner="BuiltIn">
<msg time="2026-05-23T12:54:51.539595" level="INFO">${status_code} = 200</msg>
<arg>${status_code}</arg>
<doc>Makes a variable available everywhere within the scope of the current test.</doc>
<status status="PASS" start="2026-05-23T12:54:51.539497" elapsed="0.000112"/>
</kw>
<kw name="Set Test Variable" owner="BuiltIn">
<msg time="2026-05-23T12:54:51.539717" level="INFO">${body} = {'ues': []}</msg>
<arg>${body}</arg>
<doc>Makes a variable available everywhere within the scope of the current test.</doc>
<status status="PASS" start="2026-05-23T12:54:51.539643" elapsed="0.000085"/>
</kw>
<status status="PASS" start="2026-05-23T12:54:51.537359" elapsed="0.002384"/>
</kw>
<kw name="Then response is success">
<kw name="Should Be True" owner="BuiltIn">
<arg>${status_code} &gt;= 200 and ${status_code} &lt; 300</arg>
<arg>msg=Oczekiwano 2xx wg dokumentacji, otrzymano HTTP ${status_code}: ${body}</arg>
<doc>Fails if the given condition is not true.</doc>
<status status="PASS" start="2026-05-23T12:54:51.539863" elapsed="0.000138"/>
</kw>
<status status="PASS" start="2026-05-23T12:54:51.539794" elapsed="0.000226"/>
</kw>
<kw name="Should Be Empty" owner="BuiltIn">
<msg time="2026-05-23T12:54:51.540164" level="INFO">Length is 0.</msg>
<arg>${body}[ues]</arg>
<doc>Verifies that the given item is empty.</doc>
<status status="PASS" start="2026-05-23T12:54:51.540046" elapsed="0.000131"/>
</kw>
<status status="PASS" start="2026-05-23T12:54:51.537276" elapsed="0.002916"/>
</kw>
<doc>1.2, Założenia: -1, 101, 999 → błąd; sieć pozostaje pusta.</doc>
<tag>attach</tag>
<tag>EPC-SM-1-002</tag>
<tag>req_1</tag>
<tag>validation</tag>
<status status="PASS" start="2026-05-23T12:54:51.525668" elapsed="0.014565"/>
</test>
<test id="s1-t3" name="EPC-SM-1-003 Attach - duplikat oraz brak &quot;pół-sesji&quot; po odrzuconym attach" line="41">
<kw name="Reset Simulator" owner="EpcApiLibrary" type="SETUP">
<status status="PASS" start="2026-05-23T12:54:51.540493" elapsed="0.003086"/>
</kw>
<kw name="When I attach UE with ID 7" source_name="When I attach UE with ID ${ue_id}">
<kw name="Attach Ue" owner="EpcApiLibrary">
<msg time="2026-05-23T12:54:51.547885" level="INFO">${status_code} = 200</msg>
<msg time="2026-05-23T12:54:51.547905" level="INFO">${body} = {'status': 'attached', 'ue_id': 7}</msg>
<var>${status_code}</var>
<var>${body}</var>
<arg>${ue_id}</arg>
<status status="PASS" start="2026-05-23T12:54:51.543834" elapsed="0.004078"/>
</kw>
<kw name="Set Test Variable" owner="BuiltIn">
<msg time="2026-05-23T12:54:51.548093" level="INFO">${status_code} = 200</msg>
<arg>${status_code}</arg>
<doc>Makes a variable available everywhere within the scope of the current test.</doc>
<status status="PASS" start="2026-05-23T12:54:51.547962" elapsed="0.000144"/>
</kw>
<kw name="Set Test Variable" owner="BuiltIn">
<msg time="2026-05-23T12:54:51.548231" level="INFO">${body} = {'status': 'attached', 'ue_id': 7}</msg>
<arg>${body}</arg>
<doc>Makes a variable available everywhere within the scope of the current test.</doc>
<status status="PASS" start="2026-05-23T12:54:51.548139" elapsed="0.000107"/>
</kw>
<status status="PASS" start="2026-05-23T12:54:51.543732" elapsed="0.004538"/>
</kw>
<kw name="Then response is success">
<kw name="Should Be True" owner="BuiltIn">
<arg>${status_code} &gt;= 200 and ${status_code} &lt; 300</arg>
<arg>msg=Oczekiwano 2xx wg dokumentacji, otrzymano HTTP ${status_code}: ${body}</arg>
<doc>Fails if the given condition is not true.</doc>
<status status="PASS" start="2026-05-23T12:54:51.548433" elapsed="0.000166"/>
</kw>
<status status="PASS" start="2026-05-23T12:54:51.548362" elapsed="0.000255"/>
</kw>
<kw name="When I attach UE with ID 7" source_name="When I attach UE with ID ${ue_id}">
<kw name="Attach Ue" owner="EpcApiLibrary">
<msg time="2026-05-23T12:54:51.550667" level="INFO">${status_code} = 400</msg>
<msg time="2026-05-23T12:54:51.550690" level="INFO">${body} = {'detail': 'UE already attached'}</msg>
<var>${status_code}</var>
<var>${body}</var>
<arg>${ue_id}</arg>
<status status="PASS" start="2026-05-23T12:54:51.548801" elapsed="0.001897"/>
</kw>
<kw name="Set Test Variable" owner="BuiltIn">
<msg time="2026-05-23T12:54:51.550870" level="INFO">${status_code} = 400</msg>
<arg>${status_code}</arg>
<doc>Makes a variable available everywhere within the scope of the current test.</doc>
<status status="PASS" start="2026-05-23T12:54:51.550764" elapsed="0.000120"/>
</kw>
<kw name="Set Test Variable" owner="BuiltIn">
<msg time="2026-05-23T12:54:51.550983" level="INFO">${body} = {'detail': 'UE already attached'}</msg>
<arg>${body}</arg>
<doc>Makes a variable available everywhere within the scope of the current test.</doc>
<status status="PASS" start="2026-05-23T12:54:51.550916" elapsed="0.000077"/>
</kw>
<status status="PASS" start="2026-05-23T12:54:51.548704" elapsed="0.002305"/>
</kw>
<kw name="Then response is error">
<kw name="Should Be True" owner="BuiltIn">
<arg>${status_code} &gt;= 400</arg>
<arg>msg=Oczekiwano błędu wg dokumentacji, otrzymano HTTP ${status_code}: ${body}</arg>
<doc>Fails if the given condition is not true.</doc>
<status status="PASS" start="2026-05-23T12:54:51.551154" elapsed="0.000128"/>
</kw>
<status status="PASS" start="2026-05-23T12:54:51.551083" elapsed="0.000219"/>
</kw>
<kw name="When I get UE with ID 7" source_name="When I get UE with ID ${ue_id}">
<kw name="Get Ue" owner="EpcApiLibrary">
<msg time="2026-05-23T12:54:51.553005" level="INFO">${status_code} = 200</msg>
<msg time="2026-05-23T12:54:51.553029" level="INFO">${body} = {'ue_id': 7, 'bearers': {'9': {'bearer_id': 9, 'protocol': None, 'target_bps': None, 'active': False}}, 'stats': {}}</msg>
<var>${status_code}</var>
<var>${body}</var>
<arg>${ue_id}</arg>
<status status="PASS" start="2026-05-23T12:54:51.551432" elapsed="0.001606"/>
</kw>
<kw name="Set Test Variable" owner="BuiltIn">
<msg time="2026-05-23T12:54:51.553210" level="INFO">${status_code} = 200</msg>
<arg>${status_code}</arg>
<doc>Makes a variable available everywhere within the scope of the current test.</doc>
<status status="PASS" start="2026-05-23T12:54:51.553093" elapsed="0.000131"/>
</kw>
<kw name="Set Test Variable" owner="BuiltIn">
<msg time="2026-05-23T12:54:51.553351" level="INFO">${body} = {'ue_id': 7, 'bearers': {'9': {'bearer_id': 9, 'protocol': None, 'target_bps': None, 'active': False}}, 'stats': {}}</msg>
<arg>${body}</arg>
<doc>Makes a variable available everywhere within the scope of the current test.</doc>
<status status="PASS" start="2026-05-23T12:54:51.553266" elapsed="0.000097"/>
</kw>
<status status="PASS" start="2026-05-23T12:54:51.551367" elapsed="0.002015"/>
</kw>
<kw name="Then response is success">
<kw name="Should Be True" owner="BuiltIn">
<arg>${status_code} &gt;= 200 and ${status_code} &lt; 300</arg>
<arg>msg=Oczekiwano 2xx wg dokumentacji, otrzymano HTTP ${status_code}: ${body}</arg>
<doc>Fails if the given condition is not true.</doc>
<status status="PASS" start="2026-05-23T12:54:51.553603" elapsed="0.000171"/>
</kw>
<status status="PASS" start="2026-05-23T12:54:51.553492" elapsed="0.000303"/>
</kw>
<kw name="And UE has default bearer per documentation">
<kw name="Dictionary Should Contain Key" owner="Collections">
<arg>${body}[bearers]</arg>
<arg>${DOC_DEFAULT_BEARER}</arg>
<doc>Fails if ``key`` is not found from ``dictionary``.</doc>
<status status="PASS" start="2026-05-23T12:54:51.553940" elapsed="0.000061"/>
</kw>
<status status="PASS" start="2026-05-23T12:54:51.553869" elapsed="0.000149"/>
</kw>
<kw name="When I attach UE with ID 101" source_name="When I attach UE with ID ${ue_id}">
<kw name="Attach Ue" owner="EpcApiLibrary">
<msg time="2026-05-23T12:54:51.555488" level="INFO">${status_code} = 422</msg>
<msg time="2026-05-23T12:54:51.555507" level="INFO">${body} = {'detail': [{'type': 'less_than_equal', 'loc': ['body', 'ue_id'], 'msg': 'Input should be less than or equal to 100', 'input': 101, 'ctx': {'le': 100}}]}</msg>
<var>${status_code}</var>
<var>${body}</var>
<arg>${ue_id}</arg>
<status status="PASS" start="2026-05-23T12:54:51.554169" elapsed="0.001347"/>
</kw>
<kw name="Set Test Variable" owner="BuiltIn">
<msg time="2026-05-23T12:54:51.555672" level="INFO">${status_code} = 422</msg>
<arg>${status_code}</arg>
<doc>Makes a variable available everywhere within the scope of the current test.</doc>
<status status="PASS" start="2026-05-23T12:54:51.555565" elapsed="0.000120"/>
</kw>
<kw name="Set Test Variable" owner="BuiltIn">
<msg time="2026-05-23T12:54:51.555801" level="INFO">${body} = {'detail': [{'type': 'less_than_equal', 'loc': ['body', 'ue_id'], 'msg': 'Input should be less than or equal to 100', 'input': 101, 'ctx': {'le': 100}}]}</msg>
<arg>${body}</arg>
<doc>Makes a variable available everywhere within the scope of the current test.</doc>
<status status="PASS" start="2026-05-23T12:54:51.555724" elapsed="0.000088"/>
</kw>
<status status="PASS" start="2026-05-23T12:54:51.554091" elapsed="0.001738"/>
</kw>
<kw name="Then response is error">
<kw name="Should Be True" owner="BuiltIn">
<arg>${status_code} &gt;= 400</arg>
<arg>msg=Oczekiwano błędu wg dokumentacji, otrzymano HTTP ${status_code}: ${body}</arg>
<doc>Fails if the given condition is not true.</doc>
<status status="PASS" start="2026-05-23T12:54:51.555997" elapsed="0.000148"/>
</kw>
<status status="PASS" start="2026-05-23T12:54:51.555917" elapsed="0.000249"/>
</kw>
<kw name="When I attach UE with ID 50" source_name="When I attach UE with ID ${ue_id}">
<kw name="Attach Ue" owner="EpcApiLibrary">
<msg time="2026-05-23T12:54:51.559738" level="INFO">${status_code} = 200</msg>
<msg time="2026-05-23T12:54:51.559756" level="INFO">${body} = {'status': 'attached', 'ue_id': 50}</msg>
<var>${status_code}</var>
<var>${body}</var>
<arg>${ue_id}</arg>
<status status="PASS" start="2026-05-23T12:54:51.556317" elapsed="0.003447"/>
</kw>
<kw name="Set Test Variable" owner="BuiltIn">
<msg time="2026-05-23T12:54:51.559895" level="INFO">${status_code} = 200</msg>
<arg>${status_code}</arg>
<doc>Makes a variable available everywhere within the scope of the current test.</doc>
<status status="PASS" start="2026-05-23T12:54:51.559806" elapsed="0.000129"/>
</kw>
<kw name="Set Test Variable" owner="BuiltIn">
<msg time="2026-05-23T12:54:51.560053" level="INFO">${body} = {'status': 'attached', 'ue_id': 50}</msg>
<arg>${body}</arg>
<doc>Makes a variable available everywhere within the scope of the current test.</doc>
<status status="PASS" start="2026-05-23T12:54:51.559972" elapsed="0.000093"/>
</kw>
<status status="PASS" start="2026-05-23T12:54:51.556238" elapsed="0.003844"/>
</kw>
<kw name="Then response is success">
<kw name="Should Be True" owner="BuiltIn">
<arg>${status_code} &gt;= 200 and ${status_code} &lt; 300</arg>
<arg>msg=Oczekiwano 2xx wg dokumentacji, otrzymano HTTP ${status_code}: ${body}</arg>
<doc>Fails if the given condition is not true.</doc>
<status status="PASS" start="2026-05-23T12:54:51.560223" elapsed="0.000137"/>
</kw>
<status status="PASS" start="2026-05-23T12:54:51.560156" elapsed="0.000223"/>
</kw>
<kw name="When I list UEs">
<kw name="List Ues" owner="EpcApiLibrary">
<msg time="2026-05-23T12:54:51.562069" level="INFO">${status_code} = 200</msg>
<msg time="2026-05-23T12:54:51.562093" level="INFO">${body} = {'ues': [7, 50]}</msg>
<var>${status_code}</var>
<var>${body}</var>
<status status="PASS" start="2026-05-23T12:54:51.560522" elapsed="0.001580"/>
</kw>
<kw name="Set Test Variable" owner="BuiltIn">
<msg time="2026-05-23T12:54:51.562274" level="INFO">${status_code} = 200</msg>
<arg>${status_code}</arg>
<doc>Makes a variable available everywhere within the scope of the current test.</doc>
<status status="PASS" start="2026-05-23T12:54:51.562159" elapsed="0.000129"/>
</kw>
<kw name="Set Test Variable" owner="BuiltIn">
<msg time="2026-05-23T12:54:51.562405" level="INFO">${body} = {'ues': [7, 50]}</msg>
<arg>${body}</arg>
<doc>Makes a variable available everywhere within the scope of the current test.</doc>
<status status="PASS" start="2026-05-23T12:54:51.562327" elapsed="0.000090"/>
</kw>
<status status="PASS" start="2026-05-23T12:54:51.560447" elapsed="0.001988"/>
</kw>
<kw name="Then response is success">
<kw name="Should Be True" owner="BuiltIn">
<arg>${status_code} &gt;= 200 and ${status_code} &lt; 300</arg>
<arg>msg=Oczekiwano 2xx wg dokumentacji, otrzymano HTTP ${status_code}: ${body}</arg>
<doc>Fails if the given condition is not true.</doc>
<status status="PASS" start="2026-05-23T12:54:51.562614" elapsed="0.000174"/>
</kw>
<status status="PASS" start="2026-05-23T12:54:51.562528" elapsed="0.000281"/>
</kw>
<kw name="And UE list is exactly 7, 50" source_name="And UE list is exactly ${ue_id_list}">
<kw name="Split String" owner="String">
<msg time="2026-05-23T12:54:51.563070" level="INFO">@{raw_ids} = [ 7 |  50 ]</msg>
<var>@{raw_ids}</var>
<arg>${ue_id_list}</arg>
<arg>separator=,</arg>
<doc>Splits the ``string`` using ``separator`` as a delimiter string.</doc>
<status status="PASS" start="2026-05-23T12:54:51.562992" elapsed="0.000086"/>
</kw>
<kw name="Create List" owner="BuiltIn">
<msg time="2026-05-23T12:54:51.563178" level="INFO">${expected} = []</msg>
<var>${expected}</var>
<doc>Returns a list containing given items.</doc>
<status status="PASS" start="2026-05-23T12:54:51.563111" elapsed="0.000075"/>
</kw>
<for flavor="IN">
<iter>
<kw name="Strip String" owner="String">
<msg time="2026-05-23T12:54:51.563379" level="INFO">${trimmed} = 7</msg>
<var>${trimmed}</var>
<arg>${ue_id}</arg>
<doc>Remove leading and/or trailing whitespaces from the given string.</doc>
<status status="PASS" start="2026-05-23T12:54:51.563301" elapsed="0.000090"/>
</kw>
<kw name="Convert To Integer" owner="BuiltIn">
<msg time="2026-05-23T12:54:51.563557" level="INFO">${ue_int} = 7</msg>
<var>${ue_int}</var>
<arg>${trimmed}</arg>
<doc>Converts the given item to an integer number.</doc>
<status status="PASS" start="2026-05-23T12:54:51.563432" elapsed="0.000134"/>
</kw>
<kw name="Append To List" owner="Collections">
<arg>${expected}</arg>
<arg>${ue_int}</arg>
<doc>Adds ``values`` to the end of ``list``.</doc>
<status status="PASS" start="2026-05-23T12:54:51.563599" elapsed="0.000072"/>
</kw>
<var name="${ue_id}">7</var>
<status status="PASS" start="2026-05-23T12:54:51.563268" elapsed="0.000415"/>
</iter>
<iter>
<kw name="Strip String" owner="String">
<msg time="2026-05-23T12:54:51.563799" level="INFO">${trimmed} = 50</msg>
<var>${trimmed}</var>
<arg>${ue_id}</arg>
<doc>Remove leading and/or trailing whitespaces from the given string.</doc>
<status status="PASS" start="2026-05-23T12:54:51.563747" elapsed="0.000060"/>
</kw>
<kw name="Convert To Integer" owner="BuiltIn">
<msg time="2026-05-23T12:54:51.563920" level="INFO">${ue_int} = 50</msg>
<var>${ue_int}</var>
<arg>${trimmed}</arg>
<doc>Converts the given item to an integer number.</doc>
<status status="PASS" start="2026-05-23T12:54:51.563838" elapsed="0.000090"/>
</kw>
<kw name="Append To List" owner="Collections">
<arg>${expected}</arg>
<arg>${ue_int}</arg>
<doc>Adds ``values`` to the end of ``list``.</doc>
<status status="PASS" start="2026-05-23T12:54:51.563959" elapsed="0.000050"/>
</kw>
<var name="${ue_id}"> 50</var>
<status status="PASS" start="2026-05-23T12:54:51.563717" elapsed="0.000303"/>
</iter>
<var>${ue_id}</var>
<value>@{raw_ids}</value>
<status status="PASS" start="2026-05-23T12:54:51.563208" elapsed="0.000821"/>
</for>
<kw name="Sort List" owner="Collections">
<arg>${expected}</arg>
<doc>Sorts the given list in place.</doc>
<status status="PASS" start="2026-05-23T12:54:51.564067" elapsed="0.000041"/>
</kw>
<kw name="Copy List" owner="Collections">
<msg time="2026-05-23T12:54:51.564184" level="INFO">${actual} = [7, 50]</msg>
<var>${actual}</var>
<arg>${body}[ues]</arg>
<doc>Returns a copy of the given list.</doc>
<status status="PASS" start="2026-05-23T12:54:51.564139" elapsed="0.000052"/>
</kw>
<kw name="Sort List" owner="Collections">
<arg>${actual}</arg>
<doc>Sorts the given list in place.</doc>
<status status="PASS" start="2026-05-23T12:54:51.564219" elapsed="0.000039"/>
</kw>
<kw name="Lists Should Be Equal" owner="Collections">
<arg>${actual}</arg>
<arg>${expected}</arg>
<doc>Fails if given lists are unequal.</doc>
<status status="PASS" start="2026-05-23T12:54:51.564290" elapsed="0.000112"/>
</kw>
<status status="PASS" start="2026-05-23T12:54:51.562911" elapsed="0.001508"/>
</kw>
<doc>1.3: ponowny attach → błąd, pierwsza sesja bez zmian. 1.2: po błędzie 101 tylko poprawny attach w sieci.</doc>
<tag>attach</tag>
<tag>duplicate</tag>
<tag>EPC-SM-1-003</tag>
<tag>req_1</tag>
<tag>state</tag>
<status status="PASS" start="2026-05-23T12:54:51.540362" elapsed="0.024108"/>
</test>
<test id="s1-t4" name="EPC-SM-1-004 Attach - wiele UE (10, 50, 90) i ponowny attach po detach" line="59">
<kw name="Reset Simulator" owner="EpcApiLibrary" type="SETUP">
<status status="PASS" start="2026-05-23T12:54:51.564710" elapsed="0.005513"/>
</kw>
<kw name="When I attach UE with ID 10" source_name="When I attach UE with ID ${ue_id}">
<kw name="Attach Ue" owner="EpcApiLibrary">
<msg time="2026-05-23T12:54:51.573658" level="INFO">${status_code} = 200</msg>
<msg time="2026-05-23T12:54:51.573680" level="INFO">${body} = {'status': 'attached', 'ue_id': 10}</msg>
<var>${status_code}</var>
<var>${body}</var>
<arg>${ue_id}</arg>
<status status="PASS" start="2026-05-23T12:54:51.570434" elapsed="0.003254"/>
</kw>
<kw name="Set Test Variable" owner="BuiltIn">
<msg time="2026-05-23T12:54:51.573920" level="INFO">${status_code} = 200</msg>
<arg>${status_code}</arg>
<doc>Makes a variable available everywhere within the scope of the current test.</doc>
<status status="PASS" start="2026-05-23T12:54:51.573754" elapsed="0.000184"/>
</kw>
<kw name="Set Test Variable" owner="BuiltIn">
<msg time="2026-05-23T12:54:51.574058" level="INFO">${body} = {'status': 'attached', 'ue_id': 10}</msg>
<arg>${body}</arg>
<doc>Makes a variable available everywhere within the scope of the current test.</doc>
<status status="PASS" start="2026-05-23T12:54:51.573982" elapsed="0.000088"/>
</kw>
<status status="PASS" start="2026-05-23T12:54:51.570343" elapsed="0.003745"/>
</kw>
<kw name="Then response is success">
<kw name="Should Be True" owner="BuiltIn">
<arg>${status_code} &gt;= 200 and ${status_code} &lt; 300</arg>
<arg>msg=Oczekiwano 2xx wg dokumentacji, otrzymano HTTP ${status_code}: ${body}</arg>
<doc>Fails if the given condition is not true.</doc>
<status status="PASS" start="2026-05-23T12:54:51.574335" elapsed="0.000188"/>
</kw>
<status status="PASS" start="2026-05-23T12:54:51.574245" elapsed="0.000302"/>
</kw>
<kw name="When I attach UE with ID 50" source_name="When I attach UE with ID ${ue_id}">
<kw name="Attach Ue" owner="EpcApiLibrary">
<msg time="2026-05-23T12:54:51.578072" level="INFO">${status_code} = 200</msg>
<msg time="2026-05-23T12:54:51.578093" level="INFO">${body} = {'status': 'attached', 'ue_id': 50}</msg>
<var>${status_code}</var>
<var>${body}</var>
<arg>${ue_id}</arg>
<status status="PASS" start="2026-05-23T12:54:51.574709" elapsed="0.003391"/>
</kw>
<kw name="Set Test Variable" owner="BuiltIn">
<msg time="2026-05-23T12:54:51.578259" level="INFO">${status_code} = 200</msg>
<arg>${status_code}</arg>
<doc>Makes a variable available everywhere within the scope of the current test.</doc>
<status status="PASS" start="2026-05-23T12:54:51.578152" elapsed="0.000120"/>
</kw>
<kw name="Set Test Variable" owner="BuiltIn">
<msg time="2026-05-23T12:54:51.578382" level="INFO">${body} = {'status': 'attached', 'ue_id': 50}</msg>
<arg>${body}</arg>
<doc>Makes a variable available everywhere within the scope of the current test.</doc>
<status status="PASS" start="2026-05-23T12:54:51.578307" elapsed="0.000087"/>
</kw>
<status status="PASS" start="2026-05-23T12:54:51.574628" elapsed="0.003784"/>
</kw>
<kw name="Then response is success">
<kw name="Should Be True" owner="BuiltIn">
<arg>${status_code} &gt;= 200 and ${status_code} &lt; 300</arg>
<arg>msg=Oczekiwano 2xx wg dokumentacji, otrzymano HTTP ${status_code}: ${body}</arg>
<doc>Fails if the given condition is not true.</doc>
<status status="PASS" start="2026-05-23T12:54:51.578577" elapsed="0.000165"/>
</kw>
<status status="PASS" start="2026-05-23T12:54:51.578499" elapsed="0.000264"/>
</kw>
<kw name="When I attach UE with ID 90" source_name="When I attach UE with ID ${ue_id}">
<kw name="Attach Ue" owner="EpcApiLibrary">
<msg time="2026-05-23T12:54:51.584480" level="INFO">${status_code} = 200</msg>
<msg time="2026-05-23T12:54:51.584503" level="INFO">${body} = {'status': 'attached', 'ue_id': 90}</msg>
<var>${status_code}</var>
<var>${body}</var>
<arg>${ue_id}</arg>
<status status="PASS" start="2026-05-23T12:54:51.578916" elapsed="0.005597"/>
</kw>
<kw name="Set Test Variable" owner="BuiltIn">
<msg time="2026-05-23T12:54:51.584690" level="INFO">${status_code} = 200</msg>
<arg>${status_code}</arg>
<doc>Makes a variable available everywhere within the scope of the current test.</doc>
<status status="PASS" start="2026-05-23T12:54:51.584574" elapsed="0.000128"/>
</kw>
<kw name="Set Test Variable" owner="BuiltIn">
<msg time="2026-05-23T12:54:51.584806" level="INFO">${body} = {'status': 'attached', 'ue_id': 90}</msg>
<arg>${body}</arg>
<doc>Makes a variable available everywhere within the scope of the current test.</doc>
<status status="PASS" start="2026-05-23T12:54:51.584734" elapsed="0.000083"/>
</kw>
<status status="PASS" start="2026-05-23T12:54:51.578839" elapsed="0.005996"/>
</kw>
<kw name="Then response is success">
<kw name="Should Be True" owner="BuiltIn">
<arg>${status_code} &gt;= 200 and ${status_code} &lt; 300</arg>
<arg>msg=Oczekiwano 2xx wg dokumentacji, otrzymano HTTP ${status_code}: ${body}</arg>
<doc>Fails if the given condition is not true.</doc>
<status status="PASS" start="2026-05-23T12:54:51.585000" elapsed="0.000162"/>
</kw>
<status status="PASS" start="2026-05-23T12:54:51.584921" elapsed="0.000260"/>
</kw>
<kw name="When I list UEs">
<kw name="List Ues" owner="EpcApiLibrary">
<msg time="2026-05-23T12:54:51.587314" level="INFO">${status_code} = 200</msg>
<msg time="2026-05-23T12:54:51.587337" level="INFO">${body} = {'ues': [10, 50, 90]}</msg>
<var>${status_code}</var>
<var>${body}</var>
<status status="PASS" start="2026-05-23T12:54:51.585317" elapsed="0.002028"/>
</kw>
<kw name="Set Test Variable" owner="BuiltIn">
<msg time="2026-05-23T12:54:51.587501" level="INFO">${status_code} = 200</msg>
<arg>${status_code}</arg>
<doc>Makes a variable available everywhere within the scope of the current test.</doc>
<status status="PASS" start="2026-05-23T12:54:51.587396" elapsed="0.000118"/>
</kw>
<kw name="Set Test Variable" owner="BuiltIn">
<msg time="2026-05-23T12:54:51.587629" level="INFO">${body} = {'ues': [10, 50, 90]}</msg>
<arg>${body}</arg>
<doc>Makes a variable available everywhere within the scope of the current test.</doc>
<status status="PASS" start="2026-05-23T12:54:51.587552" elapsed="0.000089"/>
</kw>
<status status="PASS" start="2026-05-23T12:54:51.585247" elapsed="0.002411"/>
</kw>
<kw name="Then response is success">
<kw name="Should Be True" owner="BuiltIn">
<arg>${status_code} &gt;= 200 and ${status_code} &lt; 300</arg>
<arg>msg=Oczekiwano 2xx wg dokumentacji, otrzymano HTTP ${status_code}: ${body}</arg>
<doc>Fails if the given condition is not true.</doc>
<status status="PASS" start="2026-05-23T12:54:51.587815" elapsed="0.000153"/>
</kw>
<status status="PASS" start="2026-05-23T12:54:51.587736" elapsed="0.000251"/>
</kw>
<kw name="And UE list is exactly 10, 50, 90" source_name="And UE list is exactly ${ue_id_list}">
<kw name="Split String" owner="String">
<msg time="2026-05-23T12:54:51.588258" level="INFO">@{raw_ids} = [ 10 |  50 |  90 ]</msg>
<var>@{raw_ids}</var>
<arg>${ue_id_list}</arg>
<arg>separator=,</arg>
<doc>Splits the ``string`` using ``separator`` as a delimiter string.</doc>
<status status="PASS" start="2026-05-23T12:54:51.588184" elapsed="0.000082"/>
</kw>
<kw name="Create List" owner="BuiltIn">
<msg time="2026-05-23T12:54:51.588370" level="INFO">${expected} = []</msg>
<var>${expected}</var>
<doc>Returns a list containing given items.</doc>
<status status="PASS" start="2026-05-23T12:54:51.588301" elapsed="0.000076"/>
</kw>
<for flavor="IN">
<iter>
<kw name="Strip String" owner="String">
<msg time="2026-05-23T12:54:51.588523" level="INFO">${trimmed} = 10</msg>
<var>${trimmed}</var>
<arg>${ue_id}</arg>
<doc>Remove leading and/or trailing whitespaces from the given string.</doc>
<status status="PASS" start="2026-05-23T12:54:51.588471" elapsed="0.000059"/>
</kw>
<kw name="Convert To Integer" owner="BuiltIn">
<msg time="2026-05-23T12:54:51.588655" level="INFO">${ue_int} = 10</msg>
<var>${ue_int}</var>
<arg>${trimmed}</arg>
<doc>Converts the given item to an integer number.</doc>
<status status="PASS" start="2026-05-23T12:54:51.588560" elapsed="0.000102"/>
</kw>
<kw name="Append To List" owner="Collections">
<arg>${expected}</arg>
<arg>${ue_int}</arg>
<doc>Adds ``values`` to the end of ``list``.</doc>
<status status="PASS" start="2026-05-23T12:54:51.588694" elapsed="0.000057"/>
</kw>
<var name="${ue_id}">10</var>
<status status="PASS" start="2026-05-23T12:54:51.588443" elapsed="0.000318"/>
</iter>
<iter>
<kw name="Strip String" owner="String">
<msg time="2026-05-23T12:54:51.588868" level="INFO">${trimmed} = 50</msg>
<var>${trimmed}</var>
<arg>${ue_id}</arg>
<doc>Remove leading and/or trailing whitespaces from the given string.</doc>
<status status="PASS" start="2026-05-23T12:54:51.588822" elapsed="0.000052"/>
</kw>
<kw name="Convert To Integer" owner="BuiltIn">
<msg time="2026-05-23T12:54:51.588994" level="INFO">${ue_int} = 50</msg>
<var>${ue_int}</var>
<arg>${trimmed}</arg>
<doc>Converts the given item to an integer number.</doc>
<status status="PASS" start="2026-05-23T12:54:51.588906" elapsed="0.000096"/>
</kw>
<kw name="Append To List" owner="Collections">
<arg>${expected}</arg>
<arg>${ue_int}</arg>
<doc>Adds ``values`` to the end of ``list``.</doc>
<status status="PASS" start="2026-05-23T12:54:51.589031" elapsed="0.000047"/>
</kw>
<var name="${ue_id}"> 50</var>
<status status="PASS" start="2026-05-23T12:54:51.588789" elapsed="0.000299"/>
</iter>
<iter>
<kw name="Strip String" owner="String">
<msg time="2026-05-23T12:54:51.589186" level="INFO">${trimmed} = 90</msg>
<var>${trimmed}</var>
<arg>${ue_id}</arg>
<doc>Remove leading and/or trailing whitespaces from the given string.</doc>
<status status="PASS" start="2026-05-23T12:54:51.589141" elapsed="0.000052"/>
</kw>
<kw name="Convert To Integer" owner="BuiltIn">
<msg time="2026-05-23T12:54:51.589359" level="INFO">${ue_int} = 90</msg>
<var>${ue_int}</var>
<arg>${trimmed}</arg>
<doc>Converts the given item to an integer number.</doc>
<status status="PASS" start="2026-05-23T12:54:51.589277" elapsed="0.000091"/>
</kw>
<kw name="Append To List" owner="Collections">
<arg>${expected}</arg>
<arg>${ue_int}</arg>
<doc>Adds ``values`` to the end of ``list``.</doc>
<status status="PASS" start="2026-05-23T12:54:51.589400" elapsed="0.000050"/>
</kw>
<var name="${ue_id}"> 90</var>
<status status="PASS" start="2026-05-23T12:54:51.589114" elapsed="0.000347"/>
</iter>
<var>${ue_id}</var>
<value>@{raw_ids}</value>
<status status="PASS" start="2026-05-23T12:54:51.588397" elapsed="0.001073"/>
</for>
<kw name="Sort List" owner="Collections">
<arg>${expected}</arg>
<doc>Sorts the given list in place.</doc>
<status status="PASS" start="2026-05-23T12:54:51.589502" elapsed="0.000042"/>
</kw>
<kw name="Copy List" owner="Collections">
<msg time="2026-05-23T12:54:51.589622" level="INFO">${actual} = [10, 50, 90]</msg>
<var>${actual}</var>
<arg>${body}[ues]</arg>
<doc>Returns a copy of the given list.</doc>
<status status="PASS" start="2026-05-23T12:54:51.589574" elapsed="0.000055"/>
</kw>
<kw name="Sort List" owner="Collections">
<arg>${actual}</arg>
<doc>Sorts the given list in place.</doc>
<status status="PASS" start="2026-05-23T12:54:51.589658" elapsed="0.000043"/>
</kw>
<kw name="Lists Should Be Equal" owner="Collections">
<arg>${actual}</arg>
<arg>${expected}</arg>
<doc>Fails if given lists are unequal.</doc>
<status status="PASS" start="2026-05-23T12:54:51.589732" elapsed="0.000070"/>
</kw>
<status status="PASS" start="2026-05-23T12:54:51.588101" elapsed="0.001718"/>
</kw>
<kw name="When I attach UE with ID 50" source_name="When I attach UE with ID ${ue_id}">
<kw name="Attach Ue" owner="EpcApiLibrary">
<msg time="2026-05-23T12:54:51.591637" level="INFO">${status_code} = 400</msg>
<msg time="2026-05-23T12:54:51.591656" level="INFO">${body} = {'detail': 'UE already attached'}</msg>
<var>${status_code}</var>
<var>${body}</var>
<arg>${ue_id}</arg>
<status status="PASS" start="2026-05-23T12:54:51.589972" elapsed="0.001692"/>
</kw>
<kw name="Set Test Variable" owner="BuiltIn">
<msg time="2026-05-23T12:54:51.591813" level="INFO">${status_code} = 400</msg>
<arg>${status_code}</arg>
<doc>Makes a variable available everywhere within the scope of the current test.</doc>
<status status="PASS" start="2026-05-23T12:54:51.591708" elapsed="0.000117"/>
</kw>
<kw name="Set Test Variable" owner="BuiltIn">
<msg time="2026-05-23T12:54:51.591934" level="INFO">${body} = {'detail': 'UE already attached'}</msg>
<arg>${body}</arg>
<doc>Makes a variable available everywhere within the scope of the current test.</doc>
<status status="PASS" start="2026-05-23T12:54:51.591859" elapsed="0.000087"/>
</kw>
<status status="PASS" start="2026-05-23T12:54:51.589896" elapsed="0.002066"/>
</kw>
<kw name="Then response is error">
<kw name="Should Be True" owner="BuiltIn">
<arg>${status_code} &gt;= 400</arg>
<arg>msg=Oczekiwano błędu wg dokumentacji, otrzymano HTTP ${status_code}: ${body}</arg>
<doc>Fails if the given condition is not true.</doc>
<status status="PASS" start="2026-05-23T12:54:51.592109" elapsed="0.000139"/>
</kw>
<status status="PASS" start="2026-05-23T12:54:51.592040" elapsed="0.000228"/>
</kw>
<kw name="When I detach UE with ID 50" source_name="When I detach UE with ID ${ue_id}">
<kw name="Detach Ue" owner="EpcApiLibrary">
<msg time="2026-05-23T12:54:51.596290" level="INFO">${status_code} = 200</msg>
<msg time="2026-05-23T12:54:51.596307" level="INFO">${body} = {'status': 'detached', 'ue_id': 50}</msg>
<var>${status_code}</var>
<var>${body}</var>
<arg>${ue_id}</arg>
<status status="PASS" start="2026-05-23T12:54:51.592683" elapsed="0.003632"/>
</kw>
<kw name="Set Test Variable" owner="BuiltIn">
<msg time="2026-05-23T12:54:51.596446" level="INFO">${status_code} = 200</msg>
<arg>${status_code}</arg>
<doc>Makes a variable available everywhere within the scope of the current test.</doc>
<status status="PASS" start="2026-05-23T12:54:51.596359" elapsed="0.000099"/>
</kw>
<kw name="Set Test Variable" owner="BuiltIn">
<msg time="2026-05-23T12:54:51.596557" level="INFO">${body} = {'status': 'detached', 'ue_id': 50}</msg>
<arg>${body}</arg>
<doc>Makes a variable available everywhere within the scope of the current test.</doc>
<status status="PASS" start="2026-05-23T12:54:51.596488" elapsed="0.000080"/>
</kw>
<status status="PASS" start="2026-05-23T12:54:51.592347" elapsed="0.004237"/>
</kw>
<kw name="Then response is success">
<kw name="Should Be True" owner="BuiltIn">
<arg>${status_code} &gt;= 200 and ${status_code} &lt; 300</arg>
<arg>msg=Oczekiwano 2xx wg dokumentacji, otrzymano HTTP ${status_code}: ${body}</arg>
<doc>Fails if the given condition is not true.</doc>
<status status="PASS" start="2026-05-23T12:54:51.596716" elapsed="0.000139"/>
</kw>
<status status="PASS" start="2026-05-23T12:54:51.596646" elapsed="0.000228"/>
</kw>
<kw name="When I attach UE with ID 50" source_name="When I attach UE with ID ${ue_id}">
<kw name="Attach Ue" owner="EpcApiLibrary">
<msg time="2026-05-23T12:54:51.600500" level="INFO">${status_code} = 200</msg>
<msg time="2026-05-23T12:54:51.600523" level="INFO">${body} = {'status': 'attached', 'ue_id': 50}</msg>
<var>${status_code}</var>
<var>${body}</var>
<arg>${ue_id}</arg>
<status status="PASS" start="2026-05-23T12:54:51.597010" elapsed="0.003521"/>
</kw>
<kw name="Set Test Variable" owner="BuiltIn">
<msg time="2026-05-23T12:54:51.600708" level="INFO">${status_code} = 200</msg>
<arg>${status_code}</arg>
<doc>Makes a variable available everywhere within the scope of the current test.</doc>
<status status="PASS" start="2026-05-23T12:54:51.600590" elapsed="0.000131"/>
</kw>
<kw name="Set Test Variable" owner="BuiltIn">
<msg time="2026-05-23T12:54:51.600831" level="INFO">${body} = {'status': 'attached', 'ue_id': 50}</msg>
<arg>${body}</arg>
<doc>Makes a variable available everywhere within the scope of the current test.</doc>
<status status="PASS" start="2026-05-23T12:54:51.600756" elapsed="0.000087"/>
</kw>
<status status="PASS" start="2026-05-23T12:54:51.596941" elapsed="0.003920"/>
</kw>
<kw name="Then response is success">
<kw name="Should Be True" owner="BuiltIn">
<arg>${status_code} &gt;= 200 and ${status_code} &lt; 300</arg>
<arg>msg=Oczekiwano 2xx wg dokumentacji, otrzymano HTTP ${status_code}: ${body}</arg>
<doc>Fails if the given condition is not true.</doc>
<status status="PASS" start="2026-05-23T12:54:51.601010" elapsed="0.000161"/>
</kw>
<status status="PASS" start="2026-05-23T12:54:51.600935" elapsed="0.000255"/>
</kw>
<doc>1.1: wiele UE w sieci. 1.1+2.1: ten sam ID po detach można ponownie dołączyć.</doc>
<tag>attach</tag>
<tag>EPC-SM-1-004</tag>
<tag>multi_ue</tag>
<tag>reattach</tag>
<tag>req_1</tag>
<status status="PASS" start="2026-05-23T12:54:51.564588" elapsed="0.036639"/>
</test>
<test id="s1-t5" name="EPC-SM-2-001 Detach - sukces i brak podłączenia po operacji" line="80">
<kw name="Reset Simulator" owner="EpcApiLibrary" type="SETUP">
<status status="PASS" start="2026-05-23T12:54:51.601500" elapsed="0.008177"/>
</kw>
<kw name="When I attach UE with ID 15" source_name="When I attach UE with ID ${ue_id}">
<kw name="Attach Ue" owner="EpcApiLibrary">
<msg time="2026-05-23T12:54:51.613283" level="INFO">${status_code} = 200</msg>
<msg time="2026-05-23T12:54:51.613302" level="INFO">${body} = {'status': 'attached', 'ue_id': 15}</msg>
<var>${status_code}</var>
<var>${body}</var>
<arg>${ue_id}</arg>
<status status="PASS" start="2026-05-23T12:54:51.609918" elapsed="0.003391"/>
</kw>
<kw name="Set Test Variable" owner="BuiltIn">
<msg time="2026-05-23T12:54:51.613457" level="INFO">${status_code} = 200</msg>
<arg>${status_code}</arg>
<doc>Makes a variable available everywhere within the scope of the current test.</doc>
<status status="PASS" start="2026-05-23T12:54:51.613357" elapsed="0.000113"/>
</kw>
<kw name="Set Test Variable" owner="BuiltIn">
<msg time="2026-05-23T12:54:51.613577" level="INFO">${body} = {'status': 'attached', 'ue_id': 15}</msg>
<arg>${body}</arg>
<doc>Makes a variable available everywhere within the scope of the current test.</doc>
<status status="PASS" start="2026-05-23T12:54:51.613503" elapsed="0.000116"/>
</kw>
<status status="PASS" start="2026-05-23T12:54:51.609816" elapsed="0.003823"/>
</kw>
<kw name="Then response is success">
<kw name="Should Be True" owner="BuiltIn">
<arg>${status_code} &gt;= 200 and ${status_code} &lt; 300</arg>
<arg>msg=Oczekiwano 2xx wg dokumentacji, otrzymano HTTP ${status_code}: ${body}</arg>
<doc>Fails if the given condition is not true.</doc>
<status status="PASS" start="2026-05-23T12:54:51.613779" elapsed="0.000146"/>
</kw>
<status status="PASS" start="2026-05-23T12:54:51.613707" elapsed="0.000237"/>
</kw>
<kw name="When I detach UE with ID 15" source_name="When I detach UE with ID ${ue_id}">
<kw name="Detach Ue" owner="EpcApiLibrary">
<msg time="2026-05-23T12:54:51.617496" level="INFO">${status_code} = 200</msg>
<msg time="2026-05-23T12:54:51.617524" level="INFO">${body} = {'status': 'detached', 'ue_id': 15}</msg>
<var>${status_code}</var>
<var>${body}</var>
<arg>${ue_id}</arg>
<status status="PASS" start="2026-05-23T12:54:51.614093" elapsed="0.003442"/>
</kw>
<kw name="Set Test Variable" owner="BuiltIn">
<msg time="2026-05-23T12:54:51.617744" level="INFO">${status_code} = 200</msg>
<arg>${status_code}</arg>
<doc>Makes a variable available everywhere within the scope of the current test.</doc>
<status status="PASS" start="2026-05-23T12:54:51.617608" elapsed="0.000151"/>
</kw>
<kw name="Set Test Variable" owner="BuiltIn">
<msg time="2026-05-23T12:54:51.617881" level="INFO">${body} = {'status': 'detached', 'ue_id': 15}</msg>
<arg>${body}</arg>
<doc>Makes a variable available everywhere within the scope of the current test.</doc>
<status status="PASS" start="2026-05-23T12:54:51.617800" elapsed="0.000095"/>
</kw>
<status status="PASS" start="2026-05-23T12:54:51.614017" elapsed="0.003898"/>
</kw>
<kw name="Then response is success">
<kw name="Should Be True" owner="BuiltIn">
<arg>${status_code} &gt;= 200 and ${status_code} &lt; 300</arg>
<arg>msg=Oczekiwano 2xx wg dokumentacji, otrzymano HTTP ${status_code}: ${body}</arg>
<doc>Fails if the given condition is not true.</doc>
<status status="PASS" start="2026-05-23T12:54:51.618097" elapsed="0.000173"/>
</kw>
<status status="PASS" start="2026-05-23T12:54:51.618007" elapsed="0.000285"/>
</kw>
<kw name="And field status has value detached" source_name="And field ${field_name} has value ${expected_value}">
<kw name="Should Be Equal" owner="BuiltIn">
<arg>${body}[${field_name}]</arg>
<arg>${expected_value}</arg>
<doc>Fails if the given objects are unequal.</doc>
<status status="PASS" start="2026-05-23T12:54:51.618449" elapsed="0.000108"/>
</kw>
<status status="PASS" start="2026-05-23T12:54:51.618365" elapsed="0.000209"/>
</kw>
<kw name="When I query attached UE state for ID 15" source_name="When I query attached UE state for ID ${ue_id}">
<kw name="When I get UE with ID ${ue_id}" source_name="When I get UE with ID ${ue_id}">
<kw name="Get Ue" owner="EpcApiLibrary">
<msg time="2026-05-23T12:54:51.620376" level="INFO">${status_code} = 400</msg>
<msg time="2026-05-23T12:54:51.620393" level="INFO">${body} = {'detail': 'UE not found'}</msg>
<var>${status_code}</var>
<var>${body}</var>
<arg>${ue_id}</arg>
<status status="PASS" start="2026-05-23T12:54:51.618855" elapsed="0.001546"/>
</kw>
<kw name="Set Test Variable" owner="BuiltIn">
<msg time="2026-05-23T12:54:51.620532" level="INFO">${status_code} = 400</msg>
<arg>${status_code}</arg>
<doc>Makes a variable available everywhere within the scope of the current test.</doc>
<status status="PASS" start="2026-05-23T12:54:51.620442" elapsed="0.000103"/>
</kw>
<kw name="Set Test Variable" owner="BuiltIn">
<msg time="2026-05-23T12:54:51.620653" level="INFO">${body} = {'detail': 'UE not found'}</msg>
<arg>${body}</arg>
<doc>Makes a variable available everywhere within the scope of the current test.</doc>
<status status="PASS" start="2026-05-23T12:54:51.620578" elapsed="0.000086"/>
</kw>
<status status="PASS" start="2026-05-23T12:54:51.618775" elapsed="0.001905"/>
</kw>
<status status="PASS" start="2026-05-23T12:54:51.618645" elapsed="0.002047"/>
</kw>
<kw name="Then response is error">
<kw name="Should Be True" owner="BuiltIn">
<arg>${status_code} &gt;= 400</arg>
<arg>msg=Oczekiwano błędu wg dokumentacji, otrzymano HTTP ${status_code}: ${body}</arg>
<doc>Fails if the given condition is not true.</doc>
<status status="PASS" start="2026-05-23T12:54:51.620824" elapsed="0.000128"/>
</kw>
<status status="PASS" start="2026-05-23T12:54:51.620757" elapsed="0.000214"/>
</kw>
<doc>2.1: poprawny detach; odczyt stanu podłączonego UE → błąd.</doc>
<tag>detach</tag>
<tag>EPC-SM-2-001</tag>
<tag>happy_path</tag>
<tag>req_2</tag>
<status status="PASS" start="2026-05-23T12:54:51.601341" elapsed="0.019669"/>
</test>
<test id="s1-t6" name="EPC-SM-2-002 Detach - scenariusze błędów (niepodłączony, powtórzenie, poza zakresem)" line="91">
<kw name="Reset Simulator" owner="EpcApiLibrary" type="SETUP">
<status status="PASS" start="2026-05-23T12:54:51.621285" elapsed="0.002697"/>
</kw>
<kw name="When I detach UE with ID 88" source_name="When I detach UE with ID ${ue_id}">
<kw name="Detach Ue" owner="EpcApiLibrary">
<msg time="2026-05-23T12:54:51.625903" level="INFO">${status_code} = 400</msg>
<msg time="2026-05-23T12:54:51.625927" level="INFO">${body} = {'detail': 'UE not found'}</msg>
<var>${status_code}</var>
<var>${body}</var>
<arg>${ue_id}</arg>
<status status="PASS" start="2026-05-23T12:54:51.624222" elapsed="0.001714"/>
</kw>
<kw name="Set Test Variable" owner="BuiltIn">
<msg time="2026-05-23T12:54:51.626117" level="INFO">${status_code} = 400</msg>
<arg>${status_code}</arg>
<doc>Makes a variable available everywhere within the scope of the current test.</doc>
<status status="PASS" start="2026-05-23T12:54:51.625997" elapsed="0.000135"/>
</kw>
<kw name="Set Test Variable" owner="BuiltIn">
<msg time="2026-05-23T12:54:51.626251" level="INFO">${body} = {'detail': 'UE not found'}</msg>
<arg>${body}</arg>
<doc>Makes a variable available everywhere within the scope of the current test.</doc>
<status status="PASS" start="2026-05-23T12:54:51.626171" elapsed="0.000093"/>
</kw>
<status status="PASS" start="2026-05-23T12:54:51.624118" elapsed="0.002166"/>
</kw>
<kw name="Then response is error">
<kw name="Should Be True" owner="BuiltIn">
<arg>${status_code} &gt;= 400</arg>
<arg>msg=Oczekiwano błędu wg dokumentacji, otrzymano HTTP ${status_code}: ${body}</arg>
<doc>Fails if the given condition is not true.</doc>
<status status="PASS" start="2026-05-23T12:54:51.626440" elapsed="0.000150"/>
</kw>
<status status="PASS" start="2026-05-23T12:54:51.626362" elapsed="0.000249"/>
</kw>
<kw name="When I attach UE with ID 16" source_name="When I attach UE with ID ${ue_id}">
<kw name="Attach Ue" owner="EpcApiLibrary">
<msg time="2026-05-23T12:54:51.630022" level="INFO">${status_code} = 200</msg>
<msg time="2026-05-23T12:54:51.630051" level="INFO">${body} = {'status': 'attached', 'ue_id': 16}</msg>
<var>${status_code}</var>
<var>${body}</var>
<arg>${ue_id}</arg>
<status status="PASS" start="2026-05-23T12:54:51.626764" elapsed="0.003297"/>
</kw>
<kw name="Set Test Variable" owner="BuiltIn">
<msg time="2026-05-23T12:54:51.630261" level="INFO">${status_code} = 200</msg>
<arg>${status_code}</arg>
<doc>Makes a variable available everywhere within the scope of the current test.</doc>
<status status="PASS" start="2026-05-23T12:54:51.630128" elapsed="0.000147"/>
</kw>
<kw name="Set Test Variable" owner="BuiltIn">
<msg time="2026-05-23T12:54:51.630399" level="INFO">${body} = {'status': 'attached', 'ue_id': 16}</msg>
<arg>${body}</arg>
<doc>Makes a variable available everywhere within the scope of the current test.</doc>
<status status="PASS" start="2026-05-23T12:54:51.630315" elapsed="0.000096"/>
</kw>
<status status="PASS" start="2026-05-23T12:54:51.626686" elapsed="0.003748"/>
</kw>
<kw name="Then response is success">
<kw name="Should Be True" owner="BuiltIn">
<arg>${status_code} &gt;= 200 and ${status_code} &lt; 300</arg>
<arg>msg=Oczekiwano 2xx wg dokumentacji, otrzymano HTTP ${status_code}: ${body}</arg>
<doc>Fails if the given condition is not true.</doc>
<status status="PASS" start="2026-05-23T12:54:51.630640" elapsed="0.000197"/>
</kw>
<status status="PASS" start="2026-05-23T12:54:51.630552" elapsed="0.000353"/>
</kw>
<kw name="When I detach UE with ID 16" source_name="When I detach UE with ID ${ue_id}">
<kw name="Detach Ue" owner="EpcApiLibrary">
<msg time="2026-05-23T12:54:51.633696" level="INFO">${status_code} = 200</msg>
<msg time="2026-05-23T12:54:51.633717" level="INFO">${body} = {'status': 'detached', 'ue_id': 16}</msg>
<var>${status_code}</var>
<var>${body}</var>
<arg>${ue_id}</arg>
<status status="PASS" start="2026-05-23T12:54:51.631080" elapsed="0.002644"/>
</kw>
<kw name="Set Test Variable" owner="BuiltIn">
<msg time="2026-05-23T12:54:51.633886" level="INFO">${status_code} = 200</msg>
<arg>${status_code}</arg>
<doc>Makes a variable available everywhere within the scope of the current test.</doc>
<status status="PASS" start="2026-05-23T12:54:51.633775" elapsed="0.000124"/>
</kw>
<kw name="Set Test Variable" owner="BuiltIn">
<msg time="2026-05-23T12:54:51.634014" level="INFO">${body} = {'status': 'detached', 'ue_id': 16}</msg>
<arg>${body}</arg>
<doc>Makes a variable available everywhere within the scope of the current test.</doc>
<status status="PASS" start="2026-05-23T12:54:51.633935" elapsed="0.000091"/>
</kw>
<status status="PASS" start="2026-05-23T12:54:51.630991" elapsed="0.003054"/>
</kw>
<kw name="Then response is success">
<kw name="Should Be True" owner="BuiltIn">
<arg>${status_code} &gt;= 200 and ${status_code} &lt; 300</arg>
<arg>msg=Oczekiwano 2xx wg dokumentacji, otrzymano HTTP ${status_code}: ${body}</arg>
<doc>Fails if the given condition is not true.</doc>
<status status="PASS" start="2026-05-23T12:54:51.634193" elapsed="0.000155"/>
</kw>
<status status="PASS" start="2026-05-23T12:54:51.634118" elapsed="0.000249"/>
</kw>
<kw name="When I detach UE with ID 16" source_name="When I detach UE with ID ${ue_id}">
<kw name="Detach Ue" owner="EpcApiLibrary">
<msg time="2026-05-23T12:54:51.635918" level="INFO">${status_code} = 400</msg>
<msg time="2026-05-23T12:54:51.635936" level="INFO">${body} = {'detail': 'UE not found'}</msg>
<var>${status_code}</var>
<var>${body}</var>
<arg>${ue_id}</arg>
<status status="PASS" start="2026-05-23T12:54:51.634522" elapsed="0.001422"/>
</kw>
<kw name="Set Test Variable" owner="BuiltIn">
<msg time="2026-05-23T12:54:51.636084" level="INFO">${status_code} = 400</msg>
<arg>${status_code}</arg>
<doc>Makes a variable available everywhere within the scope of the current test.</doc>
<status status="PASS" start="2026-05-23T12:54:51.635991" elapsed="0.000105"/>
</kw>
<kw name="Set Test Variable" owner="BuiltIn">
<msg time="2026-05-23T12:54:51.636205" level="INFO">${body} = {'detail': 'UE not found'}</msg>
<arg>${body}</arg>
<doc>Makes a variable available everywhere within the scope of the current test.</doc>
<status status="PASS" start="2026-05-23T12:54:51.636130" elapsed="0.000087"/>
</kw>
<status status="PASS" start="2026-05-23T12:54:51.634443" elapsed="0.001791"/>
</kw>
<kw name="Then response is error">
<kw name="Should Be True" owner="BuiltIn">
<arg>${status_code} &gt;= 400</arg>
<arg>msg=Oczekiwano błędu wg dokumentacji, otrzymano HTTP ${status_code}: ${body}</arg>
<doc>Fails if the given condition is not true.</doc>
<status status="PASS" start="2026-05-23T12:54:51.636389" elapsed="0.000147"/>
</kw>
<status status="PASS" start="2026-05-23T12:54:51.636311" elapsed="0.000245"/>
</kw>
<kw name="When I detach UE with ID 101" source_name="When I detach UE with ID ${ue_id}">
<kw name="Detach Ue" owner="EpcApiLibrary">
<msg time="2026-05-23T12:54:51.638117" level="INFO">${status_code} = 400</msg>
<msg time="2026-05-23T12:54:51.638134" level="INFO">${body} = {'detail': 'UE not found'}</msg>
<var>${status_code}</var>
<var>${body}</var>
<arg>${ue_id}</arg>
<status status="PASS" start="2026-05-23T12:54:51.636719" elapsed="0.001423"/>
</kw>
<kw name="Set Test Variable" owner="BuiltIn">
<msg time="2026-05-23T12:54:51.638288" level="INFO">${status_code} = 400</msg>
<arg>${status_code}</arg>
<doc>Makes a variable available everywhere within the scope of the current test.</doc>
<status status="PASS" start="2026-05-23T12:54:51.638186" elapsed="0.000115"/>
</kw>
<kw name="Set Test Variable" owner="BuiltIn">
<msg time="2026-05-23T12:54:51.638413" level="INFO">${body} = {'detail': 'UE not found'}</msg>
<arg>${body}</arg>
<doc>Makes a variable available everywhere within the scope of the current test.</doc>
<status status="PASS" start="2026-05-23T12:54:51.638336" elapsed="0.000088"/>
</kw>
<status status="PASS" start="2026-05-23T12:54:51.636642" elapsed="0.001799"/>
</kw>
<kw name="Then response is error">
<kw name="Should Be True" owner="BuiltIn">
<arg>${status_code} &gt;= 400</arg>
<arg>msg=Oczekiwano błędu wg dokumentacji, otrzymano HTTP ${status_code}: ${body}</arg>
<doc>Fails if the given condition is not true.</doc>
<status status="PASS" start="2026-05-23T12:54:51.638582" elapsed="0.000136"/>
</kw>
<status status="PASS" start="2026-05-23T12:54:51.638511" elapsed="0.000227"/>
</kw>
<kw name="When I detach UE with ID ${DOC_UE_ID_MIN}" source_name="When I detach UE with ID ${ue_id}">
<kw name="Detach Ue" owner="EpcApiLibrary">
<msg time="2026-05-23T12:54:51.640239" level="INFO">${status_code} = 400</msg>
<msg time="2026-05-23T12:54:51.640254" level="INFO">${body} = {'detail': 'UE not found'}</msg>
<var>${status_code}</var>
<var>${body}</var>
<arg>${ue_id}</arg>
<status status="PASS" start="2026-05-23T12:54:51.638928" elapsed="0.001333"/>
</kw>
<kw name="Set Test Variable" owner="BuiltIn">
<msg time="2026-05-23T12:54:51.640387" level="INFO">${status_code} = 400</msg>
<arg>${status_code}</arg>
<doc>Makes a variable available everywhere within the scope of the current test.</doc>
<status status="PASS" start="2026-05-23T12:54:51.640300" elapsed="0.000100"/>
</kw>
<kw name="Set Test Variable" owner="BuiltIn">
<msg time="2026-05-23T12:54:51.640504" level="INFO">${body} = {'detail': 'UE not found'}</msg>
<arg>${body}</arg>
<doc>Makes a variable available everywhere within the scope of the current test.</doc>
<status status="PASS" start="2026-05-23T12:54:51.640432" elapsed="0.000084"/>
</kw>
<status status="PASS" start="2026-05-23T12:54:51.638846" elapsed="0.001686"/>
</kw>
<kw name="Then response is error">
<kw name="Should Be True" owner="BuiltIn">
<arg>${status_code} &gt;= 400</arg>
<arg>msg=Oczekiwano błędu wg dokumentacji, otrzymano HTTP ${status_code}: ${body}</arg>
<doc>Fails if the given condition is not true.</doc>
<status status="PASS" start="2026-05-23T12:54:51.640667" elapsed="0.000125"/>
</kw>
<status status="PASS" start="2026-05-23T12:54:51.640595" elapsed="0.000216"/>
</kw>
<doc>2.3 + Założenia: nigdy nie attachowany (88), drugi detach (16), ID 101 poza zakresem, UE=0 niepodłączony.</doc>
<tag>detach</tag>
<tag>edge_case</tag>
<tag>EPC-SM-2-002</tag>
<tag>req_2</tag>
<tag>validation</tag>
<status status="PASS" start="2026-05-23T12:54:51.621116" elapsed="0.019732"/>
</test>
<test id="s1-t7" name="EPC-SM-2-003 Detach - izolacja sesji i cykl attach/detach na UE=0" line="107">
<kw name="Reset Simulator" owner="EpcApiLibrary" type="SETUP">
<status status="PASS" start="2026-05-23T12:54:51.641148" elapsed="0.003017"/>
</kw>
<kw name="When I attach UE with ID 61" source_name="When I attach UE with ID ${ue_id}">
<kw name="Attach Ue" owner="EpcApiLibrary">
<msg time="2026-05-23T12:54:51.647628" level="INFO">${status_code} = 200</msg>
<msg time="2026-05-23T12:54:51.647652" level="INFO">${body} = {'status': 'attached', 'ue_id': 61}</msg>
<var>${status_code}</var>
<var>${body}</var>
<arg>${ue_id}</arg>
<status status="PASS" start="2026-05-23T12:54:51.644371" elapsed="0.003289"/>
</kw>
<kw name="Set Test Variable" owner="BuiltIn">
<msg time="2026-05-23T12:54:51.647843" level="INFO">${status_code} = 200</msg>
<arg>${status_code}</arg>
<doc>Makes a variable available everywhere within the scope of the current test.</doc>
<status status="PASS" start="2026-05-23T12:54:51.647716" elapsed="0.000141"/>
</kw>
<kw name="Set Test Variable" owner="BuiltIn">
<msg time="2026-05-23T12:54:51.647977" level="INFO">${body} = {'status': 'attached', 'ue_id': 61}</msg>
<arg>${body}</arg>
<doc>Makes a variable available everywhere within the scope of the current test.</doc>
<status status="PASS" start="2026-05-23T12:54:51.647895" elapsed="0.000129"/>
</kw>
<status status="PASS" start="2026-05-23T12:54:51.644282" elapsed="0.003764"/>
</kw>
<kw name="Then response is success">
<kw name="Should Be True" owner="BuiltIn">
<arg>${status_code} &gt;= 200 and ${status_code} &lt; 300</arg>
<arg>msg=Oczekiwano 2xx wg dokumentacji, otrzymano HTTP ${status_code}: ${body}</arg>
<doc>Fails if the given condition is not true.</doc>
<status status="PASS" start="2026-05-23T12:54:51.648207" elapsed="0.000173"/>
</kw>
<status status="PASS" start="2026-05-23T12:54:51.648124" elapsed="0.000276"/>
</kw>
<kw name="When I attach UE with ID 62" source_name="When I attach UE with ID ${ue_id}">
<kw name="Attach Ue" owner="EpcApiLibrary">
<msg time="2026-05-23T12:54:51.651238" level="INFO">${status_code} = 200</msg>
<msg time="2026-05-23T12:54:51.651256" level="INFO">${body} = {'status': 'attached', 'ue_id': 62}</msg>
<var>${status_code}</var>
<var>${body}</var>
<arg>${ue_id}</arg>
<status status="PASS" start="2026-05-23T12:54:51.648557" elapsed="0.002707"/>
</kw>
<kw name="Set Test Variable" owner="BuiltIn">
<msg time="2026-05-23T12:54:51.651398" level="INFO">${status_code} = 200</msg>
<arg>${status_code}</arg>
<doc>Makes a variable available everywhere within the scope of the current test.</doc>
<status status="PASS" start="2026-05-23T12:54:51.651308" elapsed="0.000103"/>
</kw>
<kw name="Set Test Variable" owner="BuiltIn">
<msg time="2026-05-23T12:54:51.651520" level="INFO">${body} = {'status': 'attached', 'ue_id': 62}</msg>
<arg>${body}</arg>
<doc>Makes a variable available everywhere within the scope of the current test.</doc>
<status status="PASS" start="2026-05-23T12:54:51.651444" elapsed="0.000089"/>
</kw>
<status status="PASS" start="2026-05-23T12:54:51.648478" elapsed="0.003071"/>
</kw>
<kw name="Then response is success">
<kw name="Should Be True" owner="BuiltIn">
<arg>${status_code} &gt;= 200 and ${status_code} &lt; 300</arg>
<arg>msg=Oczekiwano 2xx wg dokumentacji, otrzymano HTTP ${status_code}: ${body}</arg>
<doc>Fails if the given condition is not true.</doc>
<status status="PASS" start="2026-05-23T12:54:51.651686" elapsed="0.000140"/>
</kw>
<status status="PASS" start="2026-05-23T12:54:51.651617" elapsed="0.000228"/>
</kw>
<kw name="When I detach UE with ID 61" source_name="When I detach UE with ID ${ue_id}">
<kw name="Detach Ue" owner="EpcApiLibrary">
<msg time="2026-05-23T12:54:51.655189" level="INFO">${status_code} = 200</msg>
<msg time="2026-05-23T12:54:51.655210" level="INFO">${body} = {'status': 'detached', 'ue_id': 61}</msg>
<var>${status_code}</var>
<var>${body}</var>
<arg>${ue_id}</arg>
<status status="PASS" start="2026-05-23T12:54:51.651993" elapsed="0.003225"/>
</kw>
<kw name="Set Test Variable" owner="BuiltIn">
<msg time="2026-05-23T12:54:51.655395" level="INFO">${status_code} = 200</msg>
<arg>${status_code}</arg>
<doc>Makes a variable available everywhere within the scope of the current test.</doc>
<status status="PASS" start="2026-05-23T12:54:51.655275" elapsed="0.000133"/>
</kw>
<kw name="Set Test Variable" owner="BuiltIn">
<msg time="2026-05-23T12:54:51.655537" level="INFO">${body} = {'status': 'detached', 'ue_id': 61}</msg>
<arg>${body}</arg>
<doc>Makes a variable available everywhere within the scope of the current test.</doc>
<status status="PASS" start="2026-05-23T12:54:51.655443" elapsed="0.000106"/>
</kw>
<status status="PASS" start="2026-05-23T12:54:51.651915" elapsed="0.003653"/>
</kw>
<kw name="Then response is success">
<kw name="Should Be True" owner="BuiltIn">
<arg>${status_code} &gt;= 200 and ${status_code} &lt; 300</arg>
<arg>msg=Oczekiwano 2xx wg dokumentacji, otrzymano HTTP ${status_code}: ${body}</arg>
<doc>Fails if the given condition is not true.</doc>
<status status="PASS" start="2026-05-23T12:54:51.655734" elapsed="0.000158"/>
</kw>
<status status="PASS" start="2026-05-23T12:54:51.655655" elapsed="0.000255"/>
</kw>
<kw name="When I query attached UE state for ID 61" source_name="When I query attached UE state for ID ${ue_id}">
<kw name="When I get UE with ID ${ue_id}" source_name="When I get UE with ID ${ue_id}">
<kw name="Get Ue" owner="EpcApiLibrary">
<msg time="2026-05-23T12:54:51.657665" level="INFO">${status_code} = 400</msg>
<msg time="2026-05-23T12:54:51.657680" level="INFO">${body} = {'detail': 'UE not found'}</msg>
<var>${status_code}</var>
<var>${body}</var>
<arg>${ue_id}</arg>
<status status="PASS" start="2026-05-23T12:54:51.656193" elapsed="0.001494"/>
</kw>
<kw name="Set Test Variable" owner="BuiltIn">
<msg time="2026-05-23T12:54:51.657814" level="INFO">${status_code} = 400</msg>
<arg>${status_code}</arg>
<doc>Makes a variable available everywhere within the scope of the current test.</doc>
<status status="PASS" start="2026-05-23T12:54:51.657726" elapsed="0.000100"/>
</kw>
<kw name="Set Test Variable" owner="BuiltIn">
<msg time="2026-05-23T12:54:51.657942" level="INFO">${body} = {'detail': 'UE not found'}</msg>
<arg>${body}</arg>
<doc>Makes a variable available everywhere within the scope of the current test.</doc>
<status status="PASS" start="2026-05-23T12:54:51.657859" elapsed="0.000095"/>
</kw>
<status status="PASS" start="2026-05-23T12:54:51.656113" elapsed="0.001861"/>
</kw>
<status status="PASS" start="2026-05-23T12:54:51.655979" elapsed="0.002008"/>
</kw>
<kw name="Then response is error">
<kw name="Should Be True" owner="BuiltIn">
<arg>${status_code} &gt;= 400</arg>
<arg>msg=Oczekiwano błędu wg dokumentacji, otrzymano HTTP ${status_code}: ${body}</arg>
<doc>Fails if the given condition is not true.</doc>
<status status="PASS" start="2026-05-23T12:54:51.658120" elapsed="0.000133"/>
</kw>
<status status="PASS" start="2026-05-23T12:54:51.658052" elapsed="0.000220"/>
</kw>
<kw name="When I query attached UE state for ID 62" source_name="When I query attached UE state for ID ${ue_id}">
<kw name="When I get UE with ID ${ue_id}" source_name="When I get UE with ID ${ue_id}">
<kw name="Get Ue" owner="EpcApiLibrary">
<msg time="2026-05-23T12:54:51.660243" level="INFO">${status_code} = 200</msg>
<msg time="2026-05-23T12:54:51.660260" level="INFO">${body} = {'ue_id': 62, 'bearers': {'9': {'bearer_id': 9, 'protocol': None, 'target_bps': None, 'active': False}}, 'stats': {}}</msg>
<var>${status_code}</var>
<var>${body}</var>
<arg>${ue_id}</arg>
<status status="PASS" start="2026-05-23T12:54:51.658830" elapsed="0.001437"/>
</kw>
<kw name="Set Test Variable" owner="BuiltIn">
<msg time="2026-05-23T12:54:51.660390" level="INFO">${status_code} = 200</msg>
<arg>${status_code}</arg>
<doc>Makes a variable available everywhere within the scope of the current test.</doc>
<status status="PASS" start="2026-05-23T12:54:51.660304" elapsed="0.000098"/>
</kw>
<kw name="Set Test Variable" owner="BuiltIn">
<msg time="2026-05-23T12:54:51.660510" level="INFO">${body} = {'ue_id': 62, 'bearers': {'9': {'bearer_id': 9, 'protocol': None, 'target_bps': None, 'active': False}}, 'stats': {}}</msg>
<arg>${body}</arg>
<doc>Makes a variable available everywhere within the scope of the current test.</doc>
<status status="PASS" start="2026-05-23T12:54:51.660433" elapsed="0.000089"/>
</kw>
<status status="PASS" start="2026-05-23T12:54:51.658747" elapsed="0.001791"/>
</kw>
<status status="PASS" start="2026-05-23T12:54:51.658344" elapsed="0.002204"/>
</kw>
<kw name="Then response is success">
<kw name="Should Be True" owner="BuiltIn">
<arg>${status_code} &gt;= 200 and ${status_code} &lt; 300</arg>
<arg>msg=Oczekiwano 2xx wg dokumentacji, otrzymano HTTP ${status_code}: ${body}</arg>
<doc>Fails if the given condition is not true.</doc>
<status status="PASS" start="2026-05-23T12:54:51.660711" elapsed="0.000159"/>
</kw>
<status status="PASS" start="2026-05-23T12:54:51.660610" elapsed="0.000283"/>
</kw>
<kw name="When I attach UE with ID ${DOC_UE_ID_MAX}" source_name="When I attach UE with ID ${ue_id}">
<kw name="Attach Ue" owner="EpcApiLibrary">
<msg time="2026-05-23T12:54:51.664428" level="INFO">${status_code} = 200</msg>
<msg time="2026-05-23T12:54:51.664449" level="INFO">${body} = {'status': 'attached', 'ue_id': 100}</msg>
<var>${status_code}</var>
<var>${body}</var>
<arg>${ue_id}</arg>
<status status="PASS" start="2026-05-23T12:54:51.661094" elapsed="0.003391"/>
</kw>
<kw name="Set Test Variable" owner="BuiltIn">
<msg time="2026-05-23T12:54:51.664651" level="INFO">${status_code} = 200</msg>
<arg>${status_code}</arg>
<doc>Makes a variable available everywhere within the scope of the current test.</doc>
<status status="PASS" start="2026-05-23T12:54:51.664542" elapsed="0.000125"/>
</kw>
<kw name="Set Test Variable" owner="BuiltIn">
<msg time="2026-05-23T12:54:51.664774" level="INFO">${body} = {'status': 'attached', 'ue_id': 100}</msg>
<arg>${body}</arg>
<doc>Makes a variable available everywhere within the scope of the current test.</doc>
<status status="PASS" start="2026-05-23T12:54:51.664700" elapsed="0.000086"/>
</kw>
<status status="PASS" start="2026-05-23T12:54:51.661009" elapsed="0.003795"/>
</kw>
<kw name="Then response is success">
<kw name="Should Be True" owner="BuiltIn">
<arg>${status_code} &gt;= 200 and ${status_code} &lt; 300</arg>
<arg>msg=Oczekiwano 2xx wg dokumentacji, otrzymano HTTP ${status_code}: ${body}</arg>
<doc>Fails if the given condition is not true.</doc>
<status status="PASS" start="2026-05-23T12:54:51.664954" elapsed="0.000154"/>
</kw>
<status status="PASS" start="2026-05-23T12:54:51.664881" elapsed="0.000248"/>
</kw>
<kw name="When I detach UE with ID ${DOC_UE_ID_MAX}" source_name="When I detach UE with ID ${ue_id}">
<kw name="Detach Ue" owner="EpcApiLibrary">
<msg time="2026-05-23T12:54:51.668024" level="INFO">${status_code} = 200</msg>
<msg time="2026-05-23T12:54:51.668043" level="INFO">${body} = {'status': 'detached', 'ue_id': 100}</msg>
<var>${status_code}</var>
<var>${body}</var>
<arg>${ue_id}</arg>
<status status="PASS" start="2026-05-23T12:54:51.665315" elapsed="0.002736"/>
</kw>
<kw name="Set Test Variable" owner="BuiltIn">
<msg time="2026-05-23T12:54:51.668192" level="INFO">${status_code} = 200</msg>
<arg>${status_code}</arg>
<doc>Makes a variable available everywhere within the scope of the current test.</doc>
<status status="PASS" start="2026-05-23T12:54:51.668097" elapsed="0.000107"/>
</kw>
<kw name="Set Test Variable" owner="BuiltIn">
<msg time="2026-05-23T12:54:51.668314" level="INFO">${body} = {'status': 'detached', 'ue_id': 100}</msg>
<arg>${body}</arg>
<doc>Makes a variable available everywhere within the scope of the current test.</doc>
<status status="PASS" start="2026-05-23T12:54:51.668238" elapsed="0.000087"/>
</kw>
<status status="PASS" start="2026-05-23T12:54:51.665232" elapsed="0.003111"/>
</kw>
<kw name="Then response is success">
<kw name="Should Be True" owner="BuiltIn">
<arg>${status_code} &gt;= 200 and ${status_code} &lt; 300</arg>
<arg>msg=Oczekiwano 2xx wg dokumentacji, otrzymano HTTP ${status_code}: ${body}</arg>
<doc>Fails if the given condition is not true.</doc>
<status status="PASS" start="2026-05-23T12:54:51.668490" elapsed="0.000150"/>
</kw>
<status status="PASS" start="2026-05-23T12:54:51.668416" elapsed="0.000243"/>
</kw>
<doc>2.1: detach jednego UE nie usuwa drugiego. Założenia: attach/detach na granicy UE=100.</doc>
<tag>boundary</tag>
<tag>detach</tag>
<tag>EPC-SM-2-003</tag>
<tag>multi_ue</tag>
<tag>req_2</tag>
<status status="PASS" start="2026-05-23T12:54:51.640947" elapsed="0.027754"/>
</test>
<test id="s1-t8" name="EPC-SM-9-001 Reset - stan początkowy i wyczyszczenie wielu sesji" line="127">
<kw name="Reset Simulator" owner="EpcApiLibrary" type="SETUP">
<status status="PASS" start="2026-05-23T12:54:51.668954" elapsed="0.004014"/>
</kw>
<kw name="And simulator has no attached UEs">
<kw name="When I list UEs">
<kw name="List Ues" owner="EpcApiLibrary">
<msg time="2026-05-23T12:54:51.674790" level="INFO">${status_code} = 200</msg>
<msg time="2026-05-23T12:54:51.674809" level="INFO">${body} = {'ues': []}</msg>
<var>${status_code}</var>
<var>${body}</var>
<status status="PASS" start="2026-05-23T12:54:51.673246" elapsed="0.001570"/>
</kw>
<kw name="Set Test Variable" owner="BuiltIn">
<msg time="2026-05-23T12:54:51.674973" level="INFO">${status_code} = 200</msg>
<arg>${status_code}</arg>
<doc>Makes a variable available everywhere within the scope of the current test.</doc>
<status status="PASS" start="2026-05-23T12:54:51.674860" elapsed="0.000126"/>
</kw>
<kw name="Set Test Variable" owner="BuiltIn">
<msg time="2026-05-23T12:54:51.675102" level="INFO">${body} = {'ues': []}</msg>
<arg>${body}</arg>
<doc>Makes a variable available everywhere within the scope of the current test.</doc>
<status status="PASS" start="2026-05-23T12:54:51.675023" elapsed="0.000091"/>
</kw>
<status status="PASS" start="2026-05-23T12:54:51.673183" elapsed="0.001948"/>
</kw>
<kw name="Then response is success">
<kw name="Should Be True" owner="BuiltIn">
<arg>${status_code} &gt;= 200 and ${status_code} &lt; 300</arg>
<arg>msg=Oczekiwano 2xx wg dokumentacji, otrzymano HTTP ${status_code}: ${body}</arg>
<doc>Fails if the given condition is not true.</doc>
<status status="PASS" start="2026-05-23T12:54:51.675258" elapsed="0.000156"/>
</kw>
<status status="PASS" start="2026-05-23T12:54:51.675187" elapsed="0.000245"/>
</kw>
<kw name="Should Be Empty" owner="BuiltIn">
<msg time="2026-05-23T12:54:51.675544" level="INFO">Length is 0.</msg>
<arg>${body}[ues]</arg>
<doc>Verifies that the given item is empty.</doc>
<status status="PASS" start="2026-05-23T12:54:51.675462" elapsed="0.000095"/>
</kw>
<status status="PASS" start="2026-05-23T12:54:51.673081" elapsed="0.002491"/>
</kw>
<kw name="When I reset the simulator via API">
<kw name="Reset Simulator" owner="EpcApiLibrary">
<status status="PASS" start="2026-05-23T12:54:51.675712" elapsed="0.001347"/>
</kw>
<status status="PASS" start="2026-05-23T12:54:51.675642" elapsed="0.001436"/>
</kw>
<kw name="And simulator has no attached UEs">
<kw name="When I list UEs">
<kw name="List Ues" owner="EpcApiLibrary">
<msg time="2026-05-23T12:54:51.678834" level="INFO">${status_code} = 200</msg>
<msg time="2026-05-23T12:54:51.678850" level="INFO">${body} = {'ues': []}</msg>
<var>${status_code}</var>
<var>${body}</var>
<status status="PASS" start="2026-05-23T12:54:51.677311" elapsed="0.001547"/>
</kw>
<kw name="Set Test Variable" owner="BuiltIn">
<msg time="2026-05-23T12:54:51.678996" level="INFO">${status_code} = 200</msg>
<arg>${status_code}</arg>
<doc>Makes a variable available everywhere within the scope of the current test.</doc>
<status status="PASS" start="2026-05-23T12:54:51.678897" elapsed="0.000111"/>
</kw>
<kw name="Set Test Variable" owner="BuiltIn">
<msg time="2026-05-23T12:54:51.679117" level="INFO">${body} = {'ues': []}</msg>
<arg>${body}</arg>
<doc>Makes a variable available everywhere within the scope of the current test.</doc>
<status status="PASS" start="2026-05-23T12:54:51.679041" elapsed="0.000088"/>
</kw>
<status status="PASS" start="2026-05-23T12:54:51.677245" elapsed="0.001901"/>
</kw>
<kw name="Then response is success">
<kw name="Should Be True" owner="BuiltIn">
<arg>${status_code} &gt;= 200 and ${status_code} &lt; 300</arg>
<arg>msg=Oczekiwano 2xx wg dokumentacji, otrzymano HTTP ${status_code}: ${body}</arg>
<doc>Fails if the given condition is not true.</doc>
<status status="PASS" start="2026-05-23T12:54:51.679269" elapsed="0.000141"/>
</kw>
<status status="PASS" start="2026-05-23T12:54:51.679200" elapsed="0.000229"/>
</kw>
<kw name="Should Be Empty" owner="BuiltIn">
<msg time="2026-05-23T12:54:51.679535" level="INFO">Length is 0.</msg>
<arg>${body}[ues]</arg>
<doc>Verifies that the given item is empty.</doc>
<status status="PASS" start="2026-05-23T12:54:51.679460" elapsed="0.000088"/>
</kw>
<status status="PASS" start="2026-05-23T12:54:51.677150" elapsed="0.002413"/>
</kw>
<kw name="When I attach UE with ID 41" source_name="When I attach UE with ID ${ue_id}">
<kw name="Attach Ue" owner="EpcApiLibrary">
<msg time="2026-05-23T12:54:51.682584" level="INFO">${status_code} = 200</msg>
<msg time="2026-05-23T12:54:51.682601" level="INFO">${body} = {'status': 'attached', 'ue_id': 41}</msg>
<var>${status_code}</var>
<var>${body}</var>
<arg>${ue_id}</arg>
<status status="PASS" start="2026-05-23T12:54:51.679720" elapsed="0.002889"/>
</kw>
<kw name="Set Test Variable" owner="BuiltIn">
<msg time="2026-05-23T12:54:51.682769" level="INFO">${status_code} = 200</msg>
<arg>${status_code}</arg>
<doc>Makes a variable available everywhere within the scope of the current test.</doc>
<status status="PASS" start="2026-05-23T12:54:51.682676" elapsed="0.000105"/>
</kw>
<kw name="Set Test Variable" owner="BuiltIn">
<msg time="2026-05-23T12:54:51.682889" level="INFO">${body} = {'status': 'attached', 'ue_id': 41}</msg>
<arg>${body}</arg>
<doc>Makes a variable available everywhere within the scope of the current test.</doc>
<status status="PASS" start="2026-05-23T12:54:51.682815" elapsed="0.000086"/>
</kw>
<status status="PASS" start="2026-05-23T12:54:51.679641" elapsed="0.003276"/>
</kw>
<kw name="When I attach UE with ID 42" source_name="When I attach UE with ID ${ue_id}">
<kw name="Attach Ue" owner="EpcApiLibrary">
<msg time="2026-05-23T12:54:51.685926" level="INFO">${status_code} = 200</msg>
<msg time="2026-05-23T12:54:51.685947" level="INFO">${body} = {'status': 'attached', 'ue_id': 42}</msg>
<var>${status_code}</var>
<var>${body}</var>
<arg>${ue_id}</arg>
<status status="PASS" start="2026-05-23T12:54:51.683074" elapsed="0.002882"/>
</kw>
<kw name="Set Test Variable" owner="BuiltIn">
<msg time="2026-05-23T12:54:51.686131" level="INFO">${status_code} = 200</msg>
<arg>${status_code}</arg>
<doc>Makes a variable available everywhere within the scope of the current test.</doc>
<status status="PASS" start="2026-05-23T12:54:51.686014" elapsed="0.000131"/>
</kw>
<kw name="Set Test Variable" owner="BuiltIn">
<msg time="2026-05-23T12:54:51.686257" level="INFO">${body} = {'status': 'attached', 'ue_id': 42}</msg>
<arg>${body}</arg>
<doc>Makes a variable available everywhere within the scope of the current test.</doc>
<status status="PASS" start="2026-05-23T12:54:51.686180" elapsed="0.000090"/>
</kw>
<status status="PASS" start="2026-05-23T12:54:51.682994" elapsed="0.003294"/>
</kw>
<kw name="When I attach UE with ID 43" source_name="When I attach UE with ID ${ue_id}">
<kw name="Attach Ue" owner="EpcApiLibrary">
<msg time="2026-05-23T12:54:51.689251" level="INFO">${status_code} = 200</msg>
<msg time="2026-05-23T12:54:51.689272" level="INFO">${body} = {'status': 'attached', 'ue_id': 43}</msg>
<var>${status_code}</var>
<var>${body}</var>
<arg>${ue_id}</arg>
<status status="PASS" start="2026-05-23T12:54:51.686461" elapsed="0.002819"/>
</kw>
<kw name="Set Test Variable" owner="BuiltIn">
<msg time="2026-05-23T12:54:51.689435" level="INFO">${status_code} = 200</msg>
<arg>${status_code}</arg>
<doc>Makes a variable available everywhere within the scope of the current test.</doc>
<status status="PASS" start="2026-05-23T12:54:51.689331" elapsed="0.000118"/>
</kw>
<kw name="Set Test Variable" owner="BuiltIn">
<msg time="2026-05-23T12:54:51.689564" level="INFO">${body} = {'status': 'attached', 'ue_id': 43}</msg>
<arg>${body}</arg>
<doc>Makes a variable available everywhere within the scope of the current test.</doc>
<status status="PASS" start="2026-05-23T12:54:51.689484" elapsed="0.000093"/>
</kw>
<status status="PASS" start="2026-05-23T12:54:51.686379" elapsed="0.003217"/>
</kw>
<kw name="When I reset the simulator via API">
<kw name="Reset Simulator" owner="EpcApiLibrary">
<status status="PASS" start="2026-05-23T12:54:51.689748" elapsed="0.006208"/>
</kw>
<status status="PASS" start="2026-05-23T12:54:51.689671" elapsed="0.006318"/>
</kw>
<kw name="And simulator has no attached UEs">
<kw name="When I list UEs">
<kw name="List Ues" owner="EpcApiLibrary">
<msg time="2026-05-23T12:54:51.697944" level="INFO">${status_code} = 200</msg>
<msg time="2026-05-23T12:54:51.697972" level="INFO">${body} = {'ues': []}</msg>
<var>${status_code}</var>
<var>${body}</var>
<status status="PASS" start="2026-05-23T12:54:51.696296" elapsed="0.001685"/>
</kw>
<kw name="Set Test Variable" owner="BuiltIn">
<msg time="2026-05-23T12:54:51.698188" level="INFO">${status_code} = 200</msg>
<arg>${status_code}</arg>
<doc>Makes a variable available everywhere within the scope of the current test.</doc>
<status status="PASS" start="2026-05-23T12:54:51.698043" elapsed="0.000161"/>
</kw>
<kw name="Set Test Variable" owner="BuiltIn">
<msg time="2026-05-23T12:54:51.698335" level="INFO">${body} = {'ues': []}</msg>
<arg>${body}</arg>
<doc>Makes a variable available everywhere within the scope of the current test.</doc>
<status status="PASS" start="2026-05-23T12:54:51.698246" elapsed="0.000102"/>
</kw>
<status status="PASS" start="2026-05-23T12:54:51.696219" elapsed="0.002148"/>
</kw>
<kw name="Then response is success">
<kw name="Should Be True" owner="BuiltIn">
<arg>${status_code} &gt;= 200 and ${status_code} &lt; 300</arg>
<arg>msg=Oczekiwano 2xx wg dokumentacji, otrzymano HTTP ${status_code}: ${body}</arg>
<doc>Fails if the given condition is not true.</doc>
<status status="PASS" start="2026-05-23T12:54:51.698517" elapsed="0.000188"/>
</kw>
<status status="PASS" start="2026-05-23T12:54:51.698433" elapsed="0.000293"/>
</kw>
<kw name="Should Be Empty" owner="BuiltIn">
<msg time="2026-05-23T12:54:51.698849" level="INFO">Length is 0.</msg>
<arg>${body}[ues]</arg>
<doc>Verifies that the given item is empty.</doc>
<status status="PASS" start="2026-05-23T12:54:51.698759" elapsed="0.000104"/>
</kw>
<status status="PASS" start="2026-05-23T12:54:51.696097" elapsed="0.002782"/>
</kw>
<doc>9.1: reset na pustym symulatorze i po wielu attach - brak podłączonych UE.</doc>
<tag>EPC-SM-9-001</tag>
<tag>req_9</tag>
<tag>reset</tag>
<status status="PASS" start="2026-05-23T12:54:51.668805" elapsed="0.030133"/>
</test>
<test id="s1-t9" name="EPC-SM-9-002 Reset - brak poprzedniej sesji i ponowny attach z bearerem 9" line="139">
<kw name="Reset Simulator" owner="EpcApiLibrary" type="SETUP">
<status status="PASS" start="2026-05-23T12:54:51.699180" elapsed="0.002610"/>
</kw>
<kw name="When I attach UE with ID 77" source_name="When I attach UE with ID ${ue_id}">
<kw name="Attach Ue" owner="EpcApiLibrary">
<msg time="2026-05-23T12:54:51.705863" level="INFO">${status_code} = 200</msg>
<msg time="2026-05-23T12:54:51.705889" level="INFO">${body} = {'status': 'attached', 'ue_id': 77}</msg>
<var>${status_code}</var>
<var>${body}</var>
<arg>${ue_id}</arg>
<status status="PASS" start="2026-05-23T12:54:51.702003" elapsed="0.003895"/>
</kw>
<kw name="Set Test Variable" owner="BuiltIn">
<msg time="2026-05-23T12:54:51.706108" level="INFO">${status_code} = 200</msg>
<arg>${status_code}</arg>
<doc>Makes a variable available everywhere within the scope of the current test.</doc>
<status status="PASS" start="2026-05-23T12:54:51.705973" elapsed="0.000149"/>
</kw>
<kw name="Set Test Variable" owner="BuiltIn">
<msg time="2026-05-23T12:54:51.706239" level="INFO">${body} = {'status': 'attached', 'ue_id': 77}</msg>
<arg>${body}</arg>
<doc>Makes a variable available everywhere within the scope of the current test.</doc>
<status status="PASS" start="2026-05-23T12:54:51.706161" elapsed="0.000090"/>
</kw>
<status status="PASS" start="2026-05-23T12:54:51.701908" elapsed="0.004363"/>
</kw>
<kw name="Then response is success">
<kw name="Should Be True" owner="BuiltIn">
<arg>${status_code} &gt;= 200 and ${status_code} &lt; 300</arg>
<arg>msg=Oczekiwano 2xx wg dokumentacji, otrzymano HTTP ${status_code}: ${body}</arg>
<doc>Fails if the given condition is not true.</doc>
<status status="PASS" start="2026-05-23T12:54:51.706442" elapsed="0.000173"/>
</kw>
<status status="PASS" start="2026-05-23T12:54:51.706360" elapsed="0.000275"/>
</kw>
<kw name="When I reset the simulator via API">
<kw name="Reset Simulator" owner="EpcApiLibrary">
<status status="PASS" start="2026-05-23T12:54:51.706810" elapsed="0.002866"/>
</kw>
<status status="PASS" start="2026-05-23T12:54:51.706704" elapsed="0.003002"/>
</kw>
<kw name="When I query attached UE state for ID 77" source_name="When I query attached UE state for ID ${ue_id}">
<kw name="When I get UE with ID ${ue_id}" source_name="When I get UE with ID ${ue_id}">
<kw name="Get Ue" owner="EpcApiLibrary">
<msg time="2026-05-23T12:54:51.711569" level="INFO">${status_code} = 400</msg>
<msg time="2026-05-23T12:54:51.711586" level="INFO">${body} = {'detail': 'UE not found'}</msg>
<var>${status_code}</var>
<var>${body}</var>
<arg>${ue_id}</arg>
<status status="PASS" start="2026-05-23T12:54:51.710068" elapsed="0.001545"/>
</kw>
<kw name="Set Test Variable" owner="BuiltIn">
<msg time="2026-05-23T12:54:51.711761" level="INFO">${status_code} = 400</msg>
<arg>${status_code}</arg>
<doc>Makes a variable available everywhere within the scope of the current test.</doc>
<status status="PASS" start="2026-05-23T12:54:51.711660" elapsed="0.000114"/>
</kw>
<kw name="Set Test Variable" owner="BuiltIn">
<msg time="2026-05-23T12:54:51.711890" level="INFO">${body} = {'detail': 'UE not found'}</msg>
<arg>${body}</arg>
<doc>Makes a variable available everywhere within the scope of the current test.</doc>
<status status="PASS" start="2026-05-23T12:54:51.711809" elapsed="0.000094"/>
</kw>
<status status="PASS" start="2026-05-23T12:54:51.709975" elapsed="0.001946"/>
</kw>
<status status="PASS" start="2026-05-23T12:54:51.709811" elapsed="0.002121"/>
</kw>
<kw name="Then response is error">
<kw name="Should Be True" owner="BuiltIn">
<arg>${status_code} &gt;= 400</arg>
<arg>msg=Oczekiwano błędu wg dokumentacji, otrzymano HTTP ${status_code}: ${body}</arg>
<doc>Fails if the given condition is not true.</doc>
<status status="PASS" start="2026-05-23T12:54:51.712070" elapsed="0.000143"/>
</kw>
<status status="PASS" start="2026-05-23T12:54:51.711998" elapsed="0.000235"/>
</kw>
<kw name="When I attach UE with ID 77" source_name="When I attach UE with ID ${ue_id}">
<kw name="Attach Ue" owner="EpcApiLibrary">
<msg time="2026-05-23T12:54:51.716651" level="INFO">${status_code} = 200</msg>
<msg time="2026-05-23T12:54:51.716680" level="INFO">${body} = {'status': 'attached', 'ue_id': 77}</msg>
<var>${status_code}</var>
<var>${body}</var>
<arg>${ue_id}</arg>
<status status="PASS" start="2026-05-23T12:54:51.712381" elapsed="0.004308"/>
</kw>
<kw name="Set Test Variable" owner="BuiltIn">
<msg time="2026-05-23T12:54:51.716898" level="INFO">${status_code} = 200</msg>
<arg>${status_code}</arg>
<doc>Makes a variable available everywhere within the scope of the current test.</doc>
<status status="PASS" start="2026-05-23T12:54:51.716763" elapsed="0.000150"/>
</kw>
<kw name="Set Test Variable" owner="BuiltIn">
<msg time="2026-05-23T12:54:51.717038" level="INFO">${body} = {'status': 'attached', 'ue_id': 77}</msg>
<arg>${body}</arg>
<doc>Makes a variable available everywhere within the scope of the current test.</doc>
<status status="PASS" start="2026-05-23T12:54:51.716953" elapsed="0.000098"/>
</kw>
<status status="PASS" start="2026-05-23T12:54:51.712306" elapsed="0.004767"/>
</kw>
<kw name="Then response is success">
<kw name="Should Be True" owner="BuiltIn">
<arg>${status_code} &gt;= 200 and ${status_code} &lt; 300</arg>
<arg>msg=Oczekiwano 2xx wg dokumentacji, otrzymano HTTP ${status_code}: ${body}</arg>
<doc>Fails if the given condition is not true.</doc>
<status status="PASS" start="2026-05-23T12:54:51.717250" elapsed="0.000170"/>
</kw>
<status status="PASS" start="2026-05-23T12:54:51.717164" elapsed="0.000277"/>
</kw>
<kw name="When I get UE with ID 77" source_name="When I get UE with ID ${ue_id}">
<kw name="Get Ue" owner="EpcApiLibrary">
<msg time="2026-05-23T12:54:51.719497" level="INFO">${status_code} = 200</msg>
<msg time="2026-05-23T12:54:51.719521" level="INFO">${body} = {'ue_id': 77, 'bearers': {'9': {'bearer_id': 9, 'protocol': None, 'target_bps': None, 'active': False}}, 'stats': {}}</msg>
<var>${status_code}</var>
<var>${body}</var>
<arg>${ue_id}</arg>
<status status="PASS" start="2026-05-23T12:54:51.717607" elapsed="0.001923"/>
</kw>
<kw name="Set Test Variable" owner="BuiltIn">
<msg time="2026-05-23T12:54:51.719692" level="INFO">${status_code} = 200</msg>
<arg>${status_code}</arg>
<doc>Makes a variable available everywhere within the scope of the current test.</doc>
<status status="PASS" start="2026-05-23T12:54:51.719582" elapsed="0.000125"/>
</kw>
<kw name="Set Test Variable" owner="BuiltIn">
<msg time="2026-05-23T12:54:51.719829" level="INFO">${body} = {'ue_id': 77, 'bearers': {'9': {'bearer_id': 9, 'protocol': None, 'target_bps': None, 'active': False}}, 'stats': {}}</msg>
<arg>${body}</arg>
<doc>Makes a variable available everywhere within the scope of the current test.</doc>
<status status="PASS" start="2026-05-23T12:54:51.719745" elapsed="0.000099"/>
</kw>
<status status="PASS" start="2026-05-23T12:54:51.717523" elapsed="0.002342"/>
</kw>
<kw name="Then response is success">
<kw name="Should Be True" owner="BuiltIn">
<arg>${status_code} &gt;= 200 and ${status_code} &lt; 300</arg>
<arg>msg=Oczekiwano 2xx wg dokumentacji, otrzymano HTTP ${status_code}: ${body}</arg>
<doc>Fails if the given condition is not true.</doc>
<status status="PASS" start="2026-05-23T12:54:51.720036" elapsed="0.000165"/>
</kw>
<status status="PASS" start="2026-05-23T12:54:51.719957" elapsed="0.000265"/>
</kw>
<kw name="And UE has default bearer per documentation">
<kw name="Dictionary Should Contain Key" owner="Collections">
<arg>${body}[bearers]</arg>
<arg>${DOC_DEFAULT_BEARER}</arg>
<doc>Fails if ``key`` is not found from ``dictionary``.</doc>
<status status="PASS" start="2026-05-23T12:54:51.720368" elapsed="0.000060"/>
</kw>
<status status="PASS" start="2026-05-23T12:54:51.720289" elapsed="0.000157"/>
</kw>
<doc>9.1 + 1.4: po resecie stary UE niedostępny; możliwy attach z domyślnym bearerem.</doc>
<tag>EPC-SM-9-002</tag>
<tag>reattach</tag>
<tag>req_9</tag>
<tag>reset</tag>
<status status="PASS" start="2026-05-23T12:54:51.699047" elapsed="0.021436"/>
</test>
<doc>Testy: zarządzanie sesją UE (dok. pkt 1, 2, 9).
Symulator: docker run -p 8000:8000 epc-simulator:1.0.0
Uruchomienie: robot epc_session_management.robot</doc>
<status status="FAIL" start="2026-05-23T12:54:51.452394" elapsed="0.268358"/>
</suite>
<statistics>
<total>
<stat pass="8" fail="1" skip="0">All Tests</stat>
</total>
<tag>
<stat pass="3" fail="1" skip="0">attach</stat>
<stat pass="1" fail="1" skip="0">boundary</stat>
<stat pass="3" fail="0" skip="0">detach</stat>
<stat pass="1" fail="0" skip="0">duplicate</stat>
<stat pass="1" fail="0" skip="0">edge_case</stat>
<stat pass="0" fail="1" skip="0">EPC-SM-1-001</stat>
<stat pass="1" fail="0" skip="0">EPC-SM-1-002</stat>
<stat pass="1" fail="0" skip="0">EPC-SM-1-003</stat>
<stat pass="1" fail="0" skip="0">EPC-SM-1-004</stat>
<stat pass="1" fail="0" skip="0">EPC-SM-2-001</stat>
<stat pass="1" fail="0" skip="0">EPC-SM-2-002</stat>
<stat pass="1" fail="0" skip="0">EPC-SM-2-003</stat>
<stat pass="1" fail="0" skip="0">EPC-SM-9-001</stat>
<stat pass="1" fail="0" skip="0">EPC-SM-9-002</stat>
<stat pass="1" fail="1" skip="0">happy_path</stat>
<stat pass="2" fail="0" skip="0">multi_ue</stat>
<stat pass="2" fail="0" skip="0">reattach</stat>
<stat pass="3" fail="1" skip="0">req_1</stat>
<stat pass="3" fail="0" skip="0">req_2</stat>
<stat pass="2" fail="0" skip="0">req_9</stat>
<stat pass="2" fail="0" skip="0">reset</stat>
<stat pass="1" fail="0" skip="0">state</stat>
<stat pass="2" fail="0" skip="0">validation</stat>
</tag>
<suite>
<stat name="Epc Session Management" id="s1" pass="8" fail="1" skip="0">Epc Session Management</stat>
</suite>
</statistics>
<errors>
</errors>
</robot>
